<?xml version="1.0" encoding="UTF-8"?>
<testsuite xmlns:xsi="http://www.w3.org/2001/XMLSchema-instance" xsi:noNamespaceSchemaLocation="https://maven.apache.org/surefire/maven-surefire-plugin/xsd/surefire-test-report-3.0.xsd" version="3.0" name="TestSuite" time="56.166" tests="2" errors="0" skipped="0" failures="0">
  <properties>
    <property name="awt.toolkit" value="sun.awt.X11.XToolkit"/>
    <property name="java.specification.version" value="11"/>
    <property name="webdriver.chrome.driver" value="/home/coder/project/workspace/chromedriver"/>
    <property name="sun.cpu.isalist" value=""/>
    <property name="sun.jnu.encoding" value="UTF-8"/>
    <property name="java.class.path" value="/home/coder/project/workspace/Testing-with-Selenium-TestNg/target/test-classes:/home/coder/project/workspace/Testing-with-Selenium-TestNg/target/classes:/home/coder/.m2/repository/org/seleniumhq/selenium/selenium-java/4.1.0/selenium-java-4.1.0.jar:/home/coder/.m2/repository/org/seleniumhq/selenium/selenium-api/4.1.0/selenium-api-4.1.0.jar:/home/coder/.m2/repository/org/seleniumhq/selenium/selenium-chrome-driver/4.1.0/selenium-chrome-driver-4.1.0.jar:/home/coder/.m2/repository/com/google/auto/service/auto-service-annotations/1.0.1/auto-service-annotations-1.0.1.jar:/home/coder/.m2/repository/com/google/auto/service/auto-service/1.0.1/auto-service-1.0.1.jar:/home/coder/.m2/repository/com/google/auto/auto-common/1.2/auto-common-1.2.jar:/home/coder/.m2/repository/com/google/guava/guava/31.0.1-jre/guava-31.0.1-jre.jar:/home/coder/.m2/repository/com/google/guava/failureaccess/1.0.1/failureaccess-1.0.1.jar:/home/coder/.m2/repository/com/google/guava/listenablefuture/9999.0-empty-to-avoid-conflict-with-guava/listenablefuture-9999.0-empty-to-avoid-conflict-with-guava.jar:/home/coder/.m2/repository/com/google/code/findbugs/jsr305/3.0.2/jsr305-3.0.2.jar:/home/coder/.m2/repository/org/checkerframework/checker-qual/3.12.0/checker-qual-3.12.0.jar:/home/coder/.m2/repository/com/google/errorprone/error_prone_annotations/2.7.1/error_prone_annotations-2.7.1.jar:/home/coder/.m2/repository/com/google/j2objc/j2objc-annotations/1.3/j2objc-annotations-1.3.jar:/home/coder/.m2/repository/org/seleniumhq/selenium/selenium-chromium-driver/4.1.0/selenium-chromium-driver-4.1.0.jar:/home/coder/.m2/repository/org/seleniumhq/selenium/selenium-json/4.1.0/selenium-json-4.1.0.jar:/home/coder/.m2/repository/org/seleniumhq/selenium/selenium-devtools-v85/4.1.0/selenium-devtools-v85-4.1.0.jar:/home/coder/.m2/repository/org/seleniumhq/selenium/selenium-devtools-v94/4.1.0/selenium-devtools-v94-4.1.0.jar:/home/coder/.m2/repository/org/seleniumhq/selenium/selenium-devtools-v95/4.1.0/selenium-devtools-v95-4.1.0.jar:/home/coder/.m2/repository/org/seleniumhq/selenium/selenium-devtools-v96/4.1.0/selenium-devtools-v96-4.1.0.jar:/home/coder/.m2/repository/org/seleniumhq/selenium/selenium-edge-driver/4.1.0/selenium-edge-driver-4.1.0.jar:/home/coder/.m2/repository/org/seleniumhq/selenium/selenium-firefox-driver/4.1.0/selenium-firefox-driver-4.1.0.jar:/home/coder/.m2/repository/org/seleniumhq/selenium/selenium-firefox-xpi-driver/4.1.0/selenium-firefox-xpi-driver-4.1.0.jar:/home/coder/.m2/repository/org/seleniumhq/selenium/selenium-ie-driver/4.1.0/selenium-ie-driver-4.1.0.jar:/home/coder/.m2/repository/org/seleniumhq/selenium/selenium-opera-driver/4.1.0/selenium-opera-driver-4.1.0.jar:/home/coder/.m2/repository/org/seleniumhq/selenium/selenium-remote-driver/4.1.0/selenium-remote-driver-4.1.0.jar:/home/coder/.m2/repository/io/netty/netty-buffer/4.1.69.Final/netty-buffer-4.1.69.Final.jar:/home/coder/.m2/repository/io/netty/netty-codec-http/4.1.69.Final/netty-codec-http-4.1.69.Final.jar:/home/coder/.m2/repository/io/netty/netty-codec/4.1.69.Final/netty-codec-4.1.69.Final.jar:/home/coder/.m2/repository/io/netty/netty-handler/4.1.69.Final/netty-handler-4.1.69.Final.jar:/home/coder/.m2/repository/io/netty/netty-common/4.1.69.Final/netty-common-4.1.69.Final.jar:/home/coder/.m2/repository/io/netty/netty-transport-native-epoll/4.1.69.Final/netty-transport-native-epoll-4.1.69.Final.jar:/home/coder/.m2/repository/io/netty/netty-transport-native-kqueue/4.1.69.Final/netty-transport-native-kqueue-4.1.69.Final.jar:/home/coder/.m2/repository/io/netty/netty-transport-native-unix-common/4.1.69.Final/netty-transport-native-unix-common-4.1.69.Final.jar:/home/coder/.m2/repository/io/netty/netty-transport/4.1.69.Final/netty-transport-4.1.69.Final.jar:/home/coder/.m2/repository/io/netty/netty-resolver/4.1.69.Final/netty-resolver-4.1.69.Final.jar:/home/coder/.m2/repository/io/opentelemetry/opentelemetry-api/1.9.0/opentelemetry-api-1.9.0.jar:/home/coder/.m2/repository/io/opentelemetry/opentelemetry-context/1.9.0/opentelemetry-context-1.9.0.jar:/home/coder/.m2/repository/io/opentelemetry/opentelemetry-exporter-logging/1.9.0/opentelemetry-exporter-logging-1.9.0.jar:/home/coder/.m2/repository/io/opentelemetry/opentelemetry-sdk-metrics/1.9.0-alpha/opentelemetry-sdk-metrics-1.9.0-alpha.jar:/home/coder/.m2/repository/io/opentelemetry/opentelemetry-sdk-logs/1.9.0-alpha/opentelemetry-sdk-logs-1.9.0-alpha.jar:/home/coder/.m2/repository/com/fasterxml/jackson/core/jackson-databind/2.13.0/jackson-databind-2.13.0.jar:/home/coder/.m2/repository/com/fasterxml/jackson/core/jackson-annotations/2.13.0/jackson-annotations-2.13.0.jar:/home/coder/.m2/repository/com/fasterxml/jackson/core/jackson-core/2.13.0/jackson-core-2.13.0.jar:/home/coder/.m2/repository/io/opentelemetry/opentelemetry-sdk-common/1.9.0/opentelemetry-sdk-common-1.9.0.jar:/home/coder/.m2/repository/io/opentelemetry/opentelemetry-sdk-extension-autoconfigure-spi/1.9.0/opentelemetry-sdk-extension-autoconfigure-spi-1.9.0.jar:/home/coder/.m2/repository/io/opentelemetry/opentelemetry-sdk-extension-autoconfigure/1.9.0-alpha/opentelemetry-sdk-extension-autoconfigure-1.9.0-alpha.jar:/home/coder/.m2/repository/io/opentelemetry/opentelemetry-sdk-trace/1.9.0/opentelemetry-sdk-trace-1.9.0.jar:/home/coder/.m2/repository/io/opentelemetry/opentelemetry-api-metrics/1.9.0-alpha/opentelemetry-api-metrics-1.9.0-alpha.jar:/home/coder/.m2/repository/io/opentelemetry/opentelemetry-sdk/1.9.0/opentelemetry-sdk-1.9.0.jar:/home/coder/.m2/repository/io/opentelemetry/opentelemetry-semconv/1.9.0-alpha/opentelemetry-semconv-1.9.0-alpha.jar:/home/coder/.m2/repository/io/ous/jtoml/2.0.0/jtoml-2.0.0.jar:/home/coder/.m2/repository/net/bytebuddy/byte-buddy/1.12.1/byte-buddy-1.12.1.jar:/home/coder/.m2/repository/org/apache/commons/commons-exec/1.3/commons-exec-1.3.jar:/home/coder/.m2/repository/org/asynchttpclient/async-http-client/2.12.3/async-http-client-2.12.3.jar:/home/coder/.m2/repository/org/asynchttpclient/async-http-client-netty-utils/2.12.3/async-http-client-netty-utils-2.12.3.jar:/home/coder/.m2/repository/io/netty/netty-codec-socks/4.1.60.Final/netty-codec-socks-4.1.60.Final.jar:/home/coder/.m2/repository/io/netty/netty-handler-proxy/4.1.60.Final/netty-handler-proxy-4.1.60.Final.jar:/home/coder/.m2/repository/io/netty/netty-transport-native-epoll/4.1.60.Final/netty-transport-native-epoll-4.1.60.Final-linux-x86_64.jar:/home/coder/.m2/repository/io/netty/netty-transport-native-kqueue/4.1.60.Final/netty-transport-native-kqueue-4.1.60.Final-osx-x86_64.jar:/home/coder/.m2/repository/org/reactivestreams/reactive-streams/1.0.3/reactive-streams-1.0.3.jar:/home/coder/.m2/repository/com/typesafe/netty/netty-reactive-streams/2.0.4/netty-reactive-streams-2.0.4.jar:/home/coder/.m2/repository/org/slf4j/slf4j-api/1.7.30/slf4j-api-1.7.30.jar:/home/coder/.m2/repository/com/sun/activation/jakarta.activation/1.2.2/jakarta.activation-1.2.2.jar:/home/coder/.m2/repository/org/seleniumhq/selenium/selenium-http/4.1.0/selenium-http-4.1.0.jar:/home/coder/.m2/repository/net/jodah/failsafe/2.4.4/failsafe-2.4.4.jar:/home/coder/.m2/repository/org/seleniumhq/selenium/selenium-safari-driver/4.1.0/selenium-safari-driver-4.1.0.jar:/home/coder/.m2/repository/org/seleniumhq/selenium/selenium-support/4.1.0/selenium-support-4.1.0.jar:/home/coder/.m2/repository/org/testng/testng/7.4.0/testng-7.4.0.jar:/home/coder/.m2/repository/com/beust/jcommander/1.78/jcommander-1.78.jar:/home/coder/.m2/repository/org/webjars/jquery/3.5.1/jquery-3.5.1.jar:"/>
    <property name="java.vm.vendor" value="Debian"/>
    <property name="sun.arch.data.model" value="64"/>
    <property name="java.vendor.url" value="https://tracker.debian.org/openjdk-11"/>
    <property name="user.timezone" value="Etc/UTC"/>
    <property name="java.vm.specification.version" value="11"/>
    <property name="os.name" value="Linux"/>
    <property name="sun.java.launcher" value="SUN_STANDARD"/>
    <property name="user.country" value="US"/>
    <property name="sun.boot.library.path" value="/usr/lib/jvm/java-11-openjdk-amd64/lib"/>
    <property name="sun.java.command" value="/home/coder/project/workspace/Testing-with-Selenium-TestNg/target/surefire/surefirebooter16080640700878866871.jar /home/coder/project/workspace/Testing-with-Selenium-TestNg/target/surefire 2023-08-25T05-35-55_890-jvmRun1 surefire8858783314776189834tmp surefire_017957140088099159716tmp"/>
    <property name="jdk.debug" value="release"/>
    <property name="surefire.test.class.path" value="/home/coder/project/workspace/Testing-with-Selenium-TestNg/target/test-classes:/home/coder/project/workspace/Testing-with-Selenium-TestNg/target/classes:/home/coder/.m2/repository/org/seleniumhq/selenium/selenium-java/4.1.0/selenium-java-4.1.0.jar:/home/coder/.m2/repository/org/seleniumhq/selenium/selenium-api/4.1.0/selenium-api-4.1.0.jar:/home/coder/.m2/repository/org/seleniumhq/selenium/selenium-chrome-driver/4.1.0/selenium-chrome-driver-4.1.0.jar:/home/coder/.m2/repository/com/google/auto/service/auto-service-annotations/1.0.1/auto-service-annotations-1.0.1.jar:/home/coder/.m2/repository/com/google/auto/service/auto-service/1.0.1/auto-service-1.0.1.jar:/home/coder/.m2/repository/com/google/auto/auto-common/1.2/auto-common-1.2.jar:/home/coder/.m2/repository/com/google/guava/guava/31.0.1-jre/guava-31.0.1-jre.jar:/home/coder/.m2/repository/com/google/guava/failureaccess/1.0.1/failureaccess-1.0.1.jar:/home/coder/.m2/repository/com/google/guava/listenablefuture/9999.0-empty-to-avoid-conflict-with-guava/listenablefuture-9999.0-empty-to-avoid-conflict-with-guava.jar:/home/coder/.m2/repository/com/google/code/findbugs/jsr305/3.0.2/jsr305-3.0.2.jar:/home/coder/.m2/repository/org/checkerframework/checker-qual/3.12.0/checker-qual-3.12.0.jar:/home/coder/.m2/repository/com/google/errorprone/error_prone_annotations/2.7.1/error_prone_annotations-2.7.1.jar:/home/coder/.m2/repository/com/google/j2objc/j2objc-annotations/1.3/j2objc-annotations-1.3.jar:/home/coder/.m2/repository/org/seleniumhq/selenium/selenium-chromium-driver/4.1.0/selenium-chromium-driver-4.1.0.jar:/home/coder/.m2/repository/org/seleniumhq/selenium/selenium-json/4.1.0/selenium-json-4.1.0.jar:/home/coder/.m2/repository/org/seleniumhq/selenium/selenium-devtools-v85/4.1.0/selenium-devtools-v85-4.1.0.jar:/home/coder/.m2/repository/org/seleniumhq/selenium/selenium-devtools-v94/4.1.0/selenium-devtools-v94-4.1.0.jar:/home/coder/.m2/repository/org/seleniumhq/selenium/selenium-devtools-v95/4.1.0/selenium-devtools-v95-4.1.0.jar:/home/coder/.m2/repository/org/seleniumhq/selenium/selenium-devtools-v96/4.1.0/selenium-devtools-v96-4.1.0.jar:/home/coder/.m2/repository/org/seleniumhq/selenium/selenium-edge-driver/4.1.0/selenium-edge-driver-4.1.0.jar:/home/coder/.m2/repository/org/seleniumhq/selenium/selenium-firefox-driver/4.1.0/selenium-firefox-driver-4.1.0.jar:/home/coder/.m2/repository/org/seleniumhq/selenium/selenium-firefox-xpi-driver/4.1.0/selenium-firefox-xpi-driver-4.1.0.jar:/home/coder/.m2/repository/org/seleniumhq/selenium/selenium-ie-driver/4.1.0/selenium-ie-driver-4.1.0.jar:/home/coder/.m2/repository/org/seleniumhq/selenium/selenium-opera-driver/4.1.0/selenium-opera-driver-4.1.0.jar:/home/coder/.m2/repository/org/seleniumhq/selenium/selenium-remote-driver/4.1.0/selenium-remote-driver-4.1.0.jar:/home/coder/.m2/repository/io/netty/netty-buffer/4.1.69.Final/netty-buffer-4.1.69.Final.jar:/home/coder/.m2/repository/io/netty/netty-codec-http/4.1.69.Final/netty-codec-http-4.1.69.Final.jar:/home/coder/.m2/repository/io/netty/netty-codec/4.1.69.Final/netty-codec-4.1.69.Final.jar:/home/coder/.m2/repository/io/netty/netty-handler/4.1.69.Final/netty-handler-4.1.69.Final.jar:/home/coder/.m2/repository/io/netty/netty-common/4.1.69.Final/netty-common-4.1.69.Final.jar:/home/coder/.m2/repository/io/netty/netty-transport-native-epoll/4.1.69.Final/netty-transport-native-epoll-4.1.69.Final.jar:/home/coder/.m2/repository/io/netty/netty-transport-native-kqueue/4.1.69.Final/netty-transport-native-kqueue-4.1.69.Final.jar:/home/coder/.m2/repository/io/netty/netty-transport-native-unix-common/4.1.69.Final/netty-transport-native-unix-common-4.1.69.Final.jar:/home/coder/.m2/repository/io/netty/netty-transport/4.1.69.Final/netty-transport-4.1.69.Final.jar:/home/coder/.m2/repository/io/netty/netty-resolver/4.1.69.Final/netty-resolver-4.1.69.Final.jar:/home/coder/.m2/repository/io/opentelemetry/opentelemetry-api/1.9.0/opentelemetry-api-1.9.0.jar:/home/coder/.m2/repository/io/opentelemetry/opentelemetry-context/1.9.0/opentelemetry-context-1.9.0.jar:/home/coder/.m2/repository/io/opentelemetry/opentelemetry-exporter-logging/1.9.0/opentelemetry-exporter-logging-1.9.0.jar:/home/coder/.m2/repository/io/opentelemetry/opentelemetry-sdk-metrics/1.9.0-alpha/opentelemetry-sdk-metrics-1.9.0-alpha.jar:/home/coder/.m2/repository/io/opentelemetry/opentelemetry-sdk-logs/1.9.0-alpha/opentelemetry-sdk-logs-1.9.0-alpha.jar:/home/coder/.m2/repository/com/fasterxml/jackson/core/jackson-databind/2.13.0/jackson-databind-2.13.0.jar:/home/coder/.m2/repository/com/fasterxml/jackson/core/jackson-annotations/2.13.0/jackson-annotations-2.13.0.jar:/home/coder/.m2/repository/com/fasterxml/jackson/core/jackson-core/2.13.0/jackson-core-2.13.0.jar:/home/coder/.m2/repository/io/opentelemetry/opentelemetry-sdk-common/1.9.0/opentelemetry-sdk-common-1.9.0.jar:/home/coder/.m2/repository/io/opentelemetry/opentelemetry-sdk-extension-autoconfigure-spi/1.9.0/opentelemetry-sdk-extension-autoconfigure-spi-1.9.0.jar:/home/coder/.m2/repository/io/opentelemetry/opentelemetry-sdk-extension-autoconfigure/1.9.0-alpha/opentelemetry-sdk-extension-autoconfigure-1.9.0-alpha.jar:/home/coder/.m2/repository/io/opentelemetry/opentelemetry-sdk-trace/1.9.0/opentelemetry-sdk-trace-1.9.0.jar:/home/coder/.m2/repository/io/opentelemetry/opentelemetry-api-metrics/1.9.0-alpha/opentelemetry-api-metrics-1.9.0-alpha.jar:/home/coder/.m2/repository/io/opentelemetry/opentelemetry-sdk/1.9.0/opentelemetry-sdk-1.9.0.jar:/home/coder/.m2/repository/io/opentelemetry/opentelemetry-semconv/1.9.0-alpha/opentelemetry-semconv-1.9.0-alpha.jar:/home/coder/.m2/repository/io/ous/jtoml/2.0.0/jtoml-2.0.0.jar:/home/coder/.m2/repository/net/bytebuddy/byte-buddy/1.12.1/byte-buddy-1.12.1.jar:/home/coder/.m2/repository/org/apache/commons/commons-exec/1.3/commons-exec-1.3.jar:/home/coder/.m2/repository/org/asynchttpclient/async-http-client/2.12.3/async-http-client-2.12.3.jar:/home/coder/.m2/repository/org/asynchttpclient/async-http-client-netty-utils/2.12.3/async-http-client-netty-utils-2.12.3.jar:/home/coder/.m2/repository/io/netty/netty-codec-socks/4.1.60.Final/netty-codec-socks-4.1.60.Final.jar:/home/coder/.m2/repository/io/netty/netty-handler-proxy/4.1.60.Final/netty-handler-proxy-4.1.60.Final.jar:/home/coder/.m2/repository/io/netty/netty-transport-native-epoll/4.1.60.Final/netty-transport-native-epoll-4.1.60.Final-linux-x86_64.jar:/home/coder/.m2/repository/io/netty/netty-transport-native-kqueue/4.1.60.Final/netty-transport-native-kqueue-4.1.60.Final-osx-x86_64.jar:/home/coder/.m2/repository/org/reactivestreams/reactive-streams/1.0.3/reactive-streams-1.0.3.jar:/home/coder/.m2/repository/com/typesafe/netty/netty-reactive-streams/2.0.4/netty-reactive-streams-2.0.4.jar:/home/coder/.m2/repository/org/slf4j/slf4j-api/1.7.30/slf4j-api-1.7.30.jar:/home/coder/.m2/repository/com/sun/activation/jakarta.activation/1.2.2/jakarta.activation-1.2.2.jar:/home/coder/.m2/repository/org/seleniumhq/selenium/selenium-http/4.1.0/selenium-http-4.1.0.jar:/home/coder/.m2/repository/net/jodah/failsafe/2.4.4/failsafe-2.4.4.jar:/home/coder/.m2/repository/org/seleniumhq/selenium/selenium-safari-driver/4.1.0/selenium-safari-driver-4.1.0.jar:/home/coder/.m2/repository/org/seleniumhq/selenium/selenium-support/4.1.0/selenium-support-4.1.0.jar:/home/coder/.m2/repository/org/testng/testng/7.4.0/testng-7.4.0.jar:/home/coder/.m2/repository/com/beust/jcommander/1.78/jcommander-1.78.jar:/home/coder/.m2/repository/org/webjars/jquery/3.5.1/jquery-3.5.1.jar:"/>
    <property name="sun.cpu.endian" value="little"/>
    <property name="user.home" value="/home/coder"/>
    <property name="user.language" value="en"/>
    <property name="java.specification.vendor" value="Oracle Corporation"/>
    <property name="java.version.date" value="2023-01-17"/>
    <property name="java.home" value="/usr/lib/jvm/java-11-openjdk-amd64"/>
    <property name="file.separator" value="/"/>
    <property name="basedir" value="/home/coder/project/workspace/Testing-with-Selenium-TestNg"/>
    <property name="java.vm.compressedOopsMode" value="32-bit"/>
    <property name="line.separator" value="&#10;"/>
    <property name="java.specification.name" value="Java Platform API Specification"/>
    <property name="java.vm.specification.vendor" value="Oracle Corporation"/>
    <property name="java.awt.graphicsenv" value="sun.awt.X11GraphicsEnvironment"/>
    <property name="surefire.real.class.path" value="/home/coder/project/workspace/Testing-with-Selenium-TestNg/target/surefire/surefirebooter16080640700878866871.jar"/>
    <property name="sun.management.compiler" value="HotSpot 64-Bit Tiered Compilers"/>
    <property name="java.runtime.version" value="11.0.18+10-post-Debian-1deb11u1"/>
    <property name="user.name" value="coder"/>
    <property name="path.separator" value=":"/>
    <property name="otel.metrics.exporter" value="none"/>
    <property name="os.version" value="5.15.107+"/>
    <property name="java.runtime.name" value="OpenJDK Runtime Environment"/>
    <property name="otel.traces.exporter" value="none"/>
    <property name="file.encoding" value="UTF-8"/>
    <property name="sun.nio.ch.bugLevel" value=""/>
    <property name="java.vm.name" value="OpenJDK 64-Bit Server VM"/>
    <property name="localRepository" value="/home/coder/.m2/repository"/>
    <property name="java.vendor.url.bug" value="https://bugs.debian.org/openjdk-11"/>
    <property name="java.io.tmpdir" value="/tmp"/>
    <property name="java.version" value="11.0.18"/>
    <property name="user.dir" value="/home/coder/project/workspace/Testing-with-Selenium-TestNg"/>
    <property name="os.arch" value="amd64"/>
    <property name="java.vm.specification.name" value="Java Virtual Machine Specification"/>
    <property name="java.awt.printerjob" value="sun.print.PSPrinterJob"/>
    <property name="sun.os.patch.level" value="unknown"/>
    <property name="java.library.path" value="/usr/java/packages/lib:/usr/lib/x86_64-linux-gnu/jni:/lib/x86_64-linux-gnu:/usr/lib/x86_64-linux-gnu:/usr/lib/jni:/lib:/usr/lib"/>
    <property name="java.vm.info" value="mixed mode, sharing"/>
    <property name="java.vendor" value="Debian"/>
    <property name="java.vm.version" value="11.0.18+10-post-Debian-1deb11u1"/>
    <property name="sun.io.unicode.encoding" value="UnicodeLittle"/>
    <property name="java.class.version" value="55.0"/>
  </properties>
  <testcase name="testcase_1" classname="ai.iamneo.testing.Testing_Selenium_TestNg.AppTest" time="6.715">
    <system-out><![CDATA[Number of links on a page :: 412
]]></system-out>
    <system-err><![CDATA[Aug 25, 2023 5:35:59 AM org.openqa.selenium.remote.tracing.opentelemetry.OpenTelemetryTracer createTracer
INFO: Using OpenTelemetry for tracing
SLF4J: Failed to load class "org.slf4j.impl.StaticLoggerBinder".
SLF4J: Defaulting to no-operation (NOP) logger implementation
SLF4J: See http://www.slf4j.org/codes.html#StaticLoggerBinder for further details.
Aug 25, 2023 5:36:05 AM org.openqa.selenium.remote.ProtocolHandshake createSession
INFO: Detected dialect: W3C
]]></system-err>
  </testcase>
  <testcase name="testcase_2" classname="ai.iamneo.testing.Testing_Selenium_TestNg.AppTest" time="42.296">
    <system-out><![CDATA[Link Text : 
Link URL  : https://www.flipkart.com/
Link Text : 
Link URL  : https://www.flipkart.com/grocery-supermart-store?marketplace=GROCERY
Link Text : Explore
Plus
Link URL  : https://www.flipkart.com/plus
Link Text : 
Link URL  : https://seller.flipkart.com/sell-online/?utm_source=fkwebsite&utm_medium=websitedirect
Link Text : Become a Seller
Link URL  : https://seller.flipkart.com/sell-online/?utm_source=fkwebsite&utm_medium=websitedirect
Link Text : Sign in
Link URL  : https://www.flipkart.com/account/login?ret=/
Link Text : 
Link URL  : https://www.flipkart.com/account/login?signup=true&ret=/
Link Text : 
Link URL  : https://www.flipkart.com/account/?rd=0&link=home_account
Link Text : 
Link URL  : https://www.flipkart.com/plus
Link Text : 
Link URL  : https://www.flipkart.com/account/orders?link=home_orders
Link Text : 
Link URL  : https://www.flipkart.com/wishlist?link=home_wishlist
Link Text : 
Link URL  : https://www.flipkart.com/account/rewards?link=home_rewards
Link Text : 
Link URL  : https://www.flipkart.com/the-gift-card-store?link=home_giftcard
Link Text : 
Link URL  : https://www.flipkart.com/viewcart?exploreMode=true&preference=FLIPKART
Link Text : Cart
Link URL  : https://www.flipkart.com/viewcart?exploreMode=true&preference=FLIPKART
Link Text : 
Link URL  : https://www.flipkart.com/#
Link Text : 
Link URL  : https://www.flipkart.com/communication-preferences/push?t=all
Link Text : 
Link URL  : https://www.flipkart.com/helpcentre
Link Text : 
Link URL  : https://advertising.flipkart.com/?otracker=ch_vn_advertise_header
Link Text : 
Link URL  : https://www.flipkart.com/mobile-apps?otracker=ch_vn_mobile_apps
Link Text : Grocery
Link URL  : https://www.flipkart.com/grocery-supermart-store?marketplace=GROCERY&fm=neo%2Fmerchandising&iid=M_48406cdf-f06e-4168-aea5-83f3c115de52_1_372UD5BXDFYS_MC.CBUR1Q46W5F1&otracker=hp_rich_navigation_1_1.navigationCard.RICH_NAVIGATION_Grocery_CBUR1Q46W5F1&otracker1=hp_rich_navigation_PINNED_neo%2Fmerchandising_NA_NAV_EXPANDABLE_navigationCard_cc_1_L0_view-all&cid=CBUR1Q46W5F1
Link Text : Mobiles
Link URL  : https://www.flipkart.com/mobile-phones-store?fm=neo%2Fmerchandising&iid=M_48406cdf-f06e-4168-aea5-83f3c115de52_1_372UD5BXDFYS_MC.ZRQ4DKH28K8J&otracker=hp_rich_navigation_2_1.navigationCard.RICH_NAVIGATION_Mobiles_ZRQ4DKH28K8J&otracker1=hp_rich_navigation_PINNED_neo%2Fmerchandising_NA_NAV_EXPANDABLE_navigationCard_cc_2_L0_view-all&cid=ZRQ4DKH28K8J
Link Text : Appliances
Link URL  : https://www.flipkart.com/tvs-and-appliances-new-clp-store?fm=neo%2Fmerchandising&iid=M_48406cdf-f06e-4168-aea5-83f3c115de52_1_372UD5BXDFYS_MC.LO4IWVHA61BX&otracker=hp_rich_navigation_6_1.navigationCard.RICH_NAVIGATION_Appliances_LO4IWVHA61BX&otracker1=hp_rich_navigation_PINNED_neo%2Fmerchandising_NA_NAV_EXPANDABLE_navigationCard_cc_6_L0_view-all&cid=LO4IWVHA61BX
Link Text : Travel
Link URL  : https://www.flipkart.com/travel/flights?param=DTNavIcon&fm=neo%2Fmerchandising&iid=M_48406cdf-f06e-4168-aea5-83f3c115de52_1_372UD5BXDFYS_MC.V4ZPKTOAO321&otracker=hp_rich_navigation_7_1.navigationCard.RICH_NAVIGATION_Travel_V4ZPKTOAO321&otracker1=hp_rich_navigation_PINNED_neo%2Fmerchandising_NA_NAV_EXPANDABLE_navigationCard_cc_7_L0_view-all&cid=V4ZPKTOAO321
Link Text : 
Link URL  : https://www.flipkart.com/travel/flights?param=Travel_FKHP_DT-HPW_Rakhi-SpicAkasaAlliance
Link Text : 
Link URL  : https://www.flipkart.com/realme-11x-5g-ehjn922o-7gga5m-store?param=222367
Link Text : 
Link URL  : https://www.flipkart.com/travel/flights?param=Travel_FTravel_FKHP_DT-HPW_Rakhi-IND-VIS-AIRIN
Link Text : 
Link URL  : https://www.flipkart.com/6bo/g0i/9no/~cs-ndo6s5aakb/pr?sid=6bo,g0i,9no&collection-tab-name=Premium+and+Smart+Monitors
Link Text : 
Link URL  : https://www.flipkart.com/furniture/mattresses/pr?sid=wwe%2Crg9&p%5B%5D=facets.price_range.from%3D3000&p%5B%5D=facets.price_range.to%3DMax
Link Text : 
Link URL  : https://www.flipkart.com/house-of-ethnic-ss23-store?param=378
Link Text : Best of Electronics
Link URL  : https://www.flipkart.com/offers-list/content?screen=dynamic&pk=themeViews%3DDT-OMU-1%3ADealcard~widgetType%3DdealCard~contentType%3Dneo&wid=2.dealCard.OMU
Link Text : Monitors
From ₹7949
Link URL  : https://www.flipkart.com/computers/monitors/pr?sid=6bo%2C9no&fm=neo%2Fmerchandising&iid=M_ce1a6f68-d7d2-4ae1-875c-0d0877d9a11f_2_372UD5BXDFYS_MC.ECL5SFI77NSY&otracker1=hp_rich_navigation_PINNED_neo%2Fmerchandising_NA_NAV_EXPANDABLE_navigationCard_cc_3_L2_view-all&cid=ECL5SFI77NSY&p%5B%5D=facets.fulfilled_by%255B%255D%3DFlipkart%2BAssured&p%5B%5D=facets.brand%255B%255D%3DLenovo&ctx=eyJjYXJkQ29udGV4dCI6eyJhdHRyaWJ1dGVzIjp7InZhbHVlQ2FsbG91dCI6eyJtdWx0aVZhbHVlZEF0dHJpYnV0ZSI6eyJrZXkiOiJ2YWx1ZUNhbGxvdXQiLCJpbmZlcmVuY2VUeXBlIjoiVkFMVUVfQ0FMTE9VVCIsInZhbHVlcyI6WyJGcm9tIOKCuTc5NDkiXSwidmFsdWVUeXBlIjoiTVVMVElfVkFMVUVEIn19LCJ0aXRsZSI6eyJtdWx0aVZhbHVlZEF0dHJpYnV0ZSI6eyJrZXkiOiJ0aXRsZSIsImluZmVyZW5jZVR5cGUiOiJUSVRMRSIsInZhbHVlcyI6WyJNb25pdG9ycyJdLCJ2YWx1ZVR5cGUiOiJNVUxUSV9WQUxVRUQifX0sImhlcm9QaWQiOnsic2luZ2xlVmFsdWVBdHRyaWJ1dGUiOnsia2V5IjoiaGVyb1BpZCIsImluZmVyZW5jZVR5cGUiOiJQSUQiLCJ2YWx1ZSI6Ik1PTkZWNUhSTkY0UUZWRzQiLCJ2YWx1ZVR5cGUiOiJTSU5HTEVfVkFMVUVEIn19fX19
Link Text : Top Mirrorless Cameras
Shop Now!
Link URL  : https://www.flipkart.com/cameras/dslr-mirrorless/pr?sid=jek%2Cp31%2Ctrv&p%5B%5D=facets.fulfilled_by%255B%255D%3DFlipkart%2BAssured&p%5B%5D=facets.type%255B%255D%3DMirrorless&param=179&ctx=eyJjYXJkQ29udGV4dCI6eyJhdHRyaWJ1dGVzIjp7InZhbHVlQ2FsbG91dCI6eyJtdWx0aVZhbHVlZEF0dHJpYnV0ZSI6eyJrZXkiOiJ2YWx1ZUNhbGxvdXQiLCJpbmZlcmVuY2VUeXBlIjoiVkFMVUVfQ0FMTE9VVCIsInZhbHVlcyI6WyJTaG9wIE5vdyEiXSwidmFsdWVUeXBlIjoiTVVMVElfVkFMVUVEIn19LCJ0aXRsZSI6eyJtdWx0aVZhbHVlZEF0dHJpYnV0ZSI6eyJrZXkiOiJ0aXRsZSIsImluZmVyZW5jZVR5cGUiOiJUSVRMRSIsInZhbHVlcyI6WyJUb3AgTWlycm9ybGVzcyBDYW1lcmFzIl0sInZhbHVlVHlwZSI6Ik1VTFRJX1ZBTFVFRCJ9fSwiaGVyb1BpZCI6eyJzaW5nbGVWYWx1ZUF0dHJpYnV0ZSI6eyJrZXkiOiJoZXJvUGlkIiwiaW5mZXJlbmNlVHlwZSI6IlBJRCIsInZhbHVlIjoiRExMRzJYRENGQlhWVVpUSCIsInZhbHVlVHlwZSI6IlNJTkdMRV9WQUxVRUQifX19fX0%3D
Link Text : Best of Trimmers
From ₹399
Link URL  : https://www.flipkart.com/health-personal-care-appliances/~cs-t04l50abp7/pr?sid=zlw&collection-tab-name=Trimmer_OMU&ctx=eyJjYXJkQ29udGV4dCI6eyJhdHRyaWJ1dGVzIjp7InZhbHVlQ2FsbG91dCI6eyJtdWx0aVZhbHVlZEF0dHJpYnV0ZSI6eyJrZXkiOiJ2YWx1ZUNhbGxvdXQiLCJpbmZlcmVuY2VUeXBlIjoiVkFMVUVfQ0FMTE9VVCIsInZhbHVlcyI6WyJGcm9tIOKCuTM5OSJdLCJ2YWx1ZVR5cGUiOiJNVUxUSV9WQUxVRUQifX0sInRpdGxlIjp7Im11bHRpVmFsdWVkQXR0cmlidXRlIjp7ImtleSI6InRpdGxlIiwiaW5mZXJlbmNlVHlwZSI6IlRJVExFIiwidmFsdWVzIjpbIkJlc3Qgb2YgVHJpbW1lcnMiXSwidmFsdWVUeXBlIjoiTVVMVElfVkFMVUVEIn19LCJoZXJvUGlkIjp7InNpbmdsZVZhbHVlQXR0cmlidXRlIjp7ImtleSI6Imhlcm9QaWQiLCJpbmZlcmVuY2VUeXBlIjoiUElEIiwidmFsdWUiOiJUTVJGVkZGRjlVQkpVQzY3IiwidmFsdWVUeXBlIjoiU0lOR0xFX1ZBTFVFRCJ9fX19fQ%3D%3D
Link Text : Premium PowerBanks
Shop Now
Link URL  : https://www.flipkart.com/mobile-accessories/power-banks/~cs-zewisow11f/pr?sid=tyy%2C4mr%2Cfu6&collection-tab-name=Premium+PowerBanks&sort=price_asc&ctx=eyJjYXJkQ29udGV4dCI6eyJhdHRyaWJ1dGVzIjp7InZhbHVlQ2FsbG91dCI6eyJtdWx0aVZhbHVlZEF0dHJpYnV0ZSI6eyJrZXkiOiJ2YWx1ZUNhbGxvdXQiLCJpbmZlcmVuY2VUeXBlIjoiVkFMVUVfQ0FMTE9VVCIsInZhbHVlcyI6WyJTaG9wIE5vdyJdLCJ2YWx1ZVR5cGUiOiJNVUxUSV9WQUxVRUQifX0sInRpdGxlIjp7Im11bHRpVmFsdWVkQXR0cmlidXRlIjp7ImtleSI6InRpdGxlIiwiaW5mZXJlbmNlVHlwZSI6IlRJVExFIiwidmFsdWVzIjpbIlByZW1pdW0gUG93ZXJCYW5rcyJdLCJ2YWx1ZVR5cGUiOiJNVUxUSV9WQUxVRUQifX19fX0%3D
Link Text : Monitors
From ₹6599
Link URL  : https://www.flipkart.com/computers/monitors/pr?sid=6bo%2C9no&fm=neo%2Fmerchandising&iid=M_ce1a6f68-d7d2-4ae1-875c-0d0877d9a11f_2_372UD5BXDFYS_MC.ECL5SFI77NSY&otracker1=hp_rich_navigation_PINNED_neo%2Fmerchandising_NA_NAV_EXPANDABLE_navigationCard_cc_3_L2_view-all&cid=ECL5SFI77NSY&p%5B%5D=facets.fulfilled_by%255B%255D%3DFlipkart%2BAssured&p%5B%5D=facets.brand%255B%255D%3Dacer&ctx=eyJjYXJkQ29udGV4dCI6eyJhdHRyaWJ1dGVzIjp7InZhbHVlQ2FsbG91dCI6eyJtdWx0aVZhbHVlZEF0dHJpYnV0ZSI6eyJrZXkiOiJ2YWx1ZUNhbGxvdXQiLCJpbmZlcmVuY2VUeXBlIjoiVkFMVUVfQ0FMTE9VVCIsInZhbHVlcyI6WyJGcm9tIOKCuTY1OTkiXSwidmFsdWVUeXBlIjoiTVVMVElfVkFMVUVEIn19LCJ0aXRsZSI6eyJtdWx0aVZhbHVlZEF0dHJpYnV0ZSI6eyJrZXkiOiJ0aXRsZSIsImluZmVyZW5jZVR5cGUiOiJUSVRMRSIsInZhbHVlcyI6WyJNb25pdG9ycyJdLCJ2YWx1ZVR5cGUiOiJNVUxUSV9WQUxVRUQifX0sImhlcm9QaWQiOnsic2luZ2xlVmFsdWVBdHRyaWJ1dGUiOnsia2V5IjoiaGVyb1BpZCIsImluZmVyZW5jZVR5cGUiOiJQSUQiLCJ2YWx1ZSI6Ik1PTkdaQktaR0FCM0hNVVYiLCJ2YWx1ZVR5cGUiOiJTSU5HTEVfVkFMVUVEIn19fX19
Link Text : Monitor
From ₹8279
Link URL  : https://www.flipkart.com/computers/monitors/pr?sid=6bo%2C9no&fm=neo%2Fmerchandising&iid=M_ce1a6f68-d7d2-4ae1-875c-0d0877d9a11f_2_372UD5BXDFYS_MC.ECL5SFI77NSY&otracker1=hp_rich_navigation_PINNED_neo%2Fmerchandising_NA_NAV_EXPANDABLE_navigationCard_cc_3_L2_view-all&cid=ECL5SFI77NSY&p%5B%5D=facets.fulfilled_by%255B%255D%3DFlipkart%2BAssured&p%5B%5D=facets.brand%255B%255D%3DDELL&ctx=eyJjYXJkQ29udGV4dCI6eyJhdHRyaWJ1dGVzIjp7InZhbHVlQ2FsbG91dCI6eyJtdWx0aVZhbHVlZEF0dHJpYnV0ZSI6eyJrZXkiOiJ2YWx1ZUNhbGxvdXQiLCJpbmZlcmVuY2VUeXBlIjoiVkFMVUVfQ0FMTE9VVCIsInZhbHVlcyI6WyJGcm9tIOKCuTgyNzkiXSwidmFsdWVUeXBlIjoiTVVMVElfVkFMVUVEIn19LCJ0aXRsZSI6eyJtdWx0aVZhbHVlZEF0dHJpYnV0ZSI6eyJrZXkiOiJ0aXRsZSIsImluZmVyZW5jZVR5cGUiOiJUSVRMRSIsInZhbHVlcyI6WyJNb25pdG9yIl0sInZhbHVlVHlwZSI6Ik1VTFRJX1ZBTFVFRCJ9fSwiaGVyb1BpZCI6eyJzaW5nbGVWYWx1ZUF0dHJpYnV0ZSI6eyJrZXkiOiJoZXJvUGlkIiwiaW5mZXJlbmNlVHlwZSI6IlBJRCIsInZhbHVlIjoiTU9OR1lERlFFMkpKSE5GMyIsInZhbHVlVHlwZSI6IlNJTkdMRV9WQUxVRUQifX19fX0%3D
Link Text : Best of Women Trimmers
From ₹599
Link URL  : https://www.flipkart.com/health-personal-care-appliances/personal-care-appliances/trimmers/pr?count=40&p%5B%5D=facets.ideal_for%255B%255D%3DWomen&sid=zlw%2F79s%2Fby3&p%5B%5D=facets.brand%255B%255D%3DSyska&p%5B%5D=facets.brand%255B%255D%3DNOVA&p%5B%5D=facets.brand%255B%255D%3DHavells&p%5B%5D=facets.brand%255B%255D%3DWAHL&hpid=eoN7UDNvZNvIePCm7zzpHap7_Hsxr70nj65vMAAFKlc%3D&ctx=eyJjYXJkQ29udGV4dCI6eyJhdHRyaWJ1dGVzIjp7InZhbHVlQ2FsbG91dCI6eyJtdWx0aVZhbHVlZEF0dHJpYnV0ZSI6eyJrZXkiOiJ2YWx1ZUNhbGxvdXQiLCJpbmZlcmVuY2VUeXBlIjoiVkFMVUVfQ0FMTE9VVCIsInZhbHVlcyI6WyJGcm9tIOKCuTU5OSJdLCJ2YWx1ZVR5cGUiOiJNVUxUSV9WQUxVRUQifX0sImhlcm9QaWQiOnsic2luZ2xlVmFsdWVBdHRyaWJ1dGUiOnsia2V5IjoiaGVyb1BpZCIsImluZmVyZW5jZVR5cGUiOiJQSUQiLCJ2YWx1ZSI6IlRNUkZUWjhHQVFTUkZKWDQiLCJ2YWx1ZVR5cGUiOiJTSU5HTEVfVkFMVUVEIn19LCJ0aXRsZSI6eyJtdWx0aVZhbHVlZEF0dHJpYnV0ZSI6eyJrZXkiOiJ0aXRsZSIsImluZmVyZW5jZVR5cGUiOiJUSVRMRSIsInZhbHVlcyI6WyJCZXN0IG9mIFdvbWVuIFRyaW1tZXJzIl0sInZhbHVlVHlwZSI6Ik1VTFRJX1ZBTFVFRCJ9fX19fQ%3D%3D
Link Text : ASUS Monitors
From ₹14999
Link URL  : https://www.flipkart.com/computers/monitors/pr?sid=6bo%2C9no&fm=neo%2Fmerchandising&iid=M_ce1a6f68-d7d2-4ae1-875c-0d0877d9a11f_2_372UD5BXDFYS_MC.ECL5SFI77NSY&otracker1=hp_rich_navigation_PINNED_neo%2Fmerchandising_NA_NAV_EXPANDABLE_navigationCard_cc_3_L2_view-all&cid=ECL5SFI77NSY&p%5B%5D=facets.fulfilled_by%255B%255D%3DFlipkart%2BAssured&p%5B%5D=facets.brand%255B%255D%3DASUS&ctx=eyJjYXJkQ29udGV4dCI6eyJhdHRyaWJ1dGVzIjp7InZhbHVlQ2FsbG91dCI6eyJtdWx0aVZhbHVlZEF0dHJpYnV0ZSI6eyJrZXkiOiJ2YWx1ZUNhbGxvdXQiLCJpbmZlcmVuY2VUeXBlIjoiVkFMVUVfQ0FMTE9VVCIsInZhbHVlcyI6WyJGcm9tIOKCuTE0OTk5Il0sInZhbHVlVHlwZSI6Ik1VTFRJX1ZBTFVFRCJ9fSwidGl0bGUiOnsibXVsdGlWYWx1ZWRBdHRyaWJ1dGUiOnsia2V5IjoidGl0bGUiLCJpbmZlcmVuY2VUeXBlIjoiVElUTEUiLCJ2YWx1ZXMiOlsiQVNVUyBNb25pdG9ycyJdLCJ2YWx1ZVR5cGUiOiJNVUxUSV9WQUxVRUQifX0sImhlcm9QaWQiOnsic2luZ2xlVmFsdWVBdHRyaWJ1dGUiOnsia2V5IjoiaGVyb1BpZCIsImluZmVyZW5jZVR5cGUiOiJQSUQiLCJ2YWx1ZSI6Ik1PTkc5WlRQS1VHNlFNWkciLCJ2YWx1ZVR5cGUiOiJTSU5HTEVfVkFMVUVEIn19fX19
Link Text : 
Link URL  : https://www.flipkart.com/travel/flights?param=Travel_Travel_DT-RHS_AW_NEW_AllianceAir-1299&ctx=eyJjYXJkQ29udGV4dCI6eyJhdHRyaWJ1dGVzIjp7InNvdXJjZUNvbnRlbnRUeXBlIjp7InNpbmdsZVZhbHVlQXR0cmlidXRlIjp7ImtleSI6InNvdXJjZUNvbnRlbnRUeXBlIiwiaW5mZXJlbmNlVHlwZSI6IlNDVCIsInZhbHVlIjoiSUFEIiwidmFsdWVUeXBlIjoiU0lOR0xFX1ZBTFVFRCJ9fX19fQ%3D%3D&nnc=4S0WFI8032JZ_IAD
Link Text : Beauty, Food, Toys & more
Link URL  : https://www.flipkart.com/offers-list/beauty-food-toys-more?screen=dynamic&pk=themeViews%3DDT-OMU-2%3ADeal-DT~widgetType%3DdealCard~contentType%3Dneo
Link Text : Electric Cycle
Up to 40% Off
Link URL  : https://www.flipkart.com/sports/cycling/electric-cycle/pr?sid=abc%2Culv%2Ctwp&hpid=IN6WQymhhksnM1l95t0Z6Kp7_Hsxr70nj65vMAAFKlc%3D&ctx=eyJjYXJkQ29udGV4dCI6eyJhdHRyaWJ1dGVzIjp7InZhbHVlQ2FsbG91dCI6eyJtdWx0aVZhbHVlZEF0dHJpYnV0ZSI6eyJrZXkiOiJ2YWx1ZUNhbGxvdXQiLCJpbmZlcmVuY2VUeXBlIjoiVkFMVUVfQ0FMTE9VVCIsInZhbHVlcyI6WyJVcCB0byA0MCUgT2ZmIl0sInZhbHVlVHlwZSI6Ik1VTFRJX1ZBTFVFRCJ9fSwiaGVyb1BpZCI6eyJzaW5nbGVWYWx1ZUF0dHJpYnV0ZSI6eyJrZXkiOiJoZXJvUGlkIiwiaW5mZXJlbmNlVHlwZSI6IlBJRCIsInZhbHVlIjoiRUNZR1AzRTJaWjU0SEg4UCIsInZhbHVlVHlwZSI6IlNJTkdMRV9WQUxVRUQifX0sInRpdGxlIjp7Im11bHRpVmFsdWVkQXR0cmlidXRlIjp7ImtleSI6InRpdGxlIiwiaW5mZXJlbmNlVHlwZSI6IlRJVExFIiwidmFsdWVzIjpbIkVsZWN0cmljIEN5Y2xlIl0sInZhbHVlVHlwZSI6Ik1VTFRJX1ZBTFVFRCJ9fX19fQ%3D%3D
Link Text : Microphones
Up to 70% off
Link URL  : https://www.flipkart.com/musical-instruments/studiostage-equipment-accessories/microphone/pr?sid=ypu%2Calc%2C3d4&p%5B%5D=facets.discount_range_v1%255B%255D%3D30%2525%2Bor%2Bmore&fm=neo%2Fmerchandising&iid=M_e627ea1b-d9b1-4edd-aa1d-b83b01ff8061_2_372UD5BXDFYS_MC.KZXMK6CTEATF&cid=KZXMK6CTEATF&p%5B%5D=facets.discount_range_v1%255B%255D%3D40%2525%2Bor%2Bmore&p%5B%5D=facets.discount_range_v1%255B%255D%3D50%2525%2Bor%2Bmore&p%5B%5D=facets.discount_range_v1%255B%255D%3D60%2525%2Bor%2Bmore&p%5B%5D=facets.fulfilled_by%255B%255D%3DFlipkart%2BAssured&ctx=eyJjYXJkQ29udGV4dCI6eyJhdHRyaWJ1dGVzIjp7InZhbHVlQ2FsbG91dCI6eyJtdWx0aVZhbHVlZEF0dHJpYnV0ZSI6eyJrZXkiOiJ2YWx1ZUNhbGxvdXQiLCJpbmZlcmVuY2VUeXBlIjoiVkFMVUVfQ0FMTE9VVCIsInZhbHVlcyI6WyJVcCB0byA3MCUgb2ZmIl0sInZhbHVlVHlwZSI6Ik1VTFRJX1ZBTFVFRCJ9fSwidGl0bGUiOnsibXVsdGlWYWx1ZWRBdHRyaWJ1dGUiOnsia2V5IjoidGl0bGUiLCJpbmZlcmVuY2VUeXBlIjoiVElUTEUiLCJ2YWx1ZXMiOlsiTWljcm9waG9uZXMiXSwidmFsdWVUeXBlIjoiTVVMVElfVkFMVUVEIn19LCJoZXJvUGlkIjp7InNpbmdsZVZhbHVlQXR0cmlidXRlIjp7ImtleSI6Imhlcm9QaWQiLCJpbmZlcmVuY2VUeXBlIjoiUElEIiwidmFsdWUiOiJNSUNHREdDRlBUUk43VkNFIiwidmFsdWVUeXBlIjoiU0lOR0xFX1ZBTFVFRCJ9fX19fQ%3D%3D
Link Text : Top Selling Stationery
From ₹49
Link URL  : https://www.flipkart.com/pens-stationery/pr?sid=dgv&p%5B%5D=facets.rating%255B%255D%3D4%25E2%2598%2585%2B%2526%2Babove&hpid=B2Ku1G4aX7ZGf37AOgCozap7_Hsxr70nj65vMAAFKlc%3D&ctx=eyJjYXJkQ29udGV4dCI6eyJhdHRyaWJ1dGVzIjp7InZhbHVlQ2FsbG91dCI6eyJtdWx0aVZhbHVlZEF0dHJpYnV0ZSI6eyJrZXkiOiJ2YWx1ZUNhbGxvdXQiLCJpbmZlcmVuY2VUeXBlIjoiVkFMVUVfQ0FMTE9VVCIsInZhbHVlcyI6WyJGcm9tIOKCuTQ5Il0sInZhbHVlVHlwZSI6Ik1VTFRJX1ZBTFVFRCJ9fSwiaGVyb1BpZCI6eyJzaW5nbGVWYWx1ZUF0dHJpYnV0ZSI6eyJrZXkiOiJoZXJvUGlkIiwiaW5mZXJlbmNlVHlwZSI6IlBJRCIsInZhbHVlIjoiUEVORlhLQ0pNRloyQTRWSCIsInZhbHVlVHlwZSI6IlNJTkdMRV9WQUxVRUQifX0sInRpdGxlIjp7Im11bHRpVmFsdWVkQXR0cmlidXRlIjp7ImtleSI6InRpdGxlIiwiaW5mZXJlbmNlVHlwZSI6IlRJVExFIiwidmFsdWVzIjpbIlRvcCBTZWxsaW5nIFN0YXRpb25lcnkiXSwidmFsdWVUeXBlIjoiTVVMVElfVkFMVUVEIn19fX19
Link Text : Geared Cycles
From ₹ 3999
Link URL  : https://www.flipkart.com/sports/cycling/cycles/pr?sid=abc%2Culv%2Cixt&p%5B%5D=facets.tyre_size%255B%255D%3D27.5%2Binches&p%5B%5D=facets.tyre_size%255B%255D%3D28%2Binches&p%5B%5D=facets.tyre_size%255B%255D%3D29%2Binches&p%5B%5D=facets.brand%255B%255D%3DHERCULES&p%5B%5D=facets.brand%255B%255D%3DUrban%2BTerrain&p%5B%5D=facets.brand%255B%255D%3DHRX&p%5B%5D=facets.brand%255B%255D%3DLEADER&p%5B%5D=facets.brand%255B%255D%3DHERO&p%5B%5D=facets.brand%255B%255D%3DCRADIAC&p%5B%5D=facets.brand%255B%255D%3DAdrenex%2Bby%2BFlipkart&p%5B%5D=facets.brand%255B%255D%3DWALTX&p%5B%5D=facets.brand%255B%255D%3DVector%2B91&p%5B%5D=facets.brand%255B%255D%3DMontra&p%5B%5D=facets.brand%255B%255D%3DFIREFOX%2BBIKES&p%5B%5D=facets.fulfilled_by%255B%255D%3DPlus%2B%2528FAssured%2529&hpid=Lk-wso-VDfqk58fy3bl2IKp7_Hsxr70nj65vMAAFKlc%3D&ctx=eyJjYXJkQ29udGV4dCI6eyJhdHRyaWJ1dGVzIjp7InZhbHVlQ2FsbG91dCI6eyJtdWx0aVZhbHVlZEF0dHJpYnV0ZSI6eyJrZXkiOiJ2YWx1ZUNhbGxvdXQiLCJpbmZlcmVuY2VUeXBlIjoiVkFMVUVfQ0FMTE9VVCIsInZhbHVlcyI6WyJGcm9tIOKCuSAzOTk5Il0sInZhbHVlVHlwZSI6Ik1VTFRJX1ZBTFVFRCJ9fSwiaGVyb1BpZCI6eyJzaW5nbGVWYWx1ZUF0dHJpYnV0ZSI6eyJrZXkiOiJoZXJvUGlkIiwiaW5mZXJlbmNlVHlwZSI6IlBJRCIsInZhbHVlIjoiQ0NFRzZHRUVHTVVDSkdKTSIsInZhbHVlVHlwZSI6IlNJTkdMRV9WQUxVRUQifX0sInRpdGxlIjp7Im11bHRpVmFsdWVkQXR0cmlidXRlIjp7ImtleSI6InRpdGxlIiwiaW5mZXJlbmNlVHlwZSI6IlRJVExFIiwidmFsdWVzIjpbIkdlYXJlZCBDeWNsZXMiXSwidmFsdWVUeXBlIjoiTVVMVElfVkFMVUVEIn19fX19
Link Text : Rider Helmets
From 699
Link URL  : https://www.flipkart.com/automotive-accessories/helmets-and-riding-gear/helmet-and-accessories/biker-helmets/pr?sid=1mt%2Cztf%2Civ8%2Ctih&marketplace=FLIPKART&hpid=8c7ftGcyG0cjQM1vrbGcgap7_Hsxr70nj65vMAAFKlc%3D&ctx=eyJjYXJkQ29udGV4dCI6eyJhdHRyaWJ1dGVzIjp7InZhbHVlQ2FsbG91dCI6eyJtdWx0aVZhbHVlZEF0dHJpYnV0ZSI6eyJrZXkiOiJ2YWx1ZUNhbGxvdXQiLCJpbmZlcmVuY2VUeXBlIjoiVkFMVUVfQ0FMTE9VVCIsInZhbHVlcyI6WyJGcm9tIDY5OSJdLCJ2YWx1ZVR5cGUiOiJNVUxUSV9WQUxVRUQifX0sImhlcm9QaWQiOnsic2luZ2xlVmFsdWVBdHRyaWJ1dGUiOnsia2V5IjoiaGVyb1BpZCIsImluZmVyZW5jZVR5cGUiOiJQSUQiLCJ2YWx1ZSI6IkhMTUdRWFYzWVlSUFJCQkYiLCJ2YWx1ZVR5cGUiOiJTSU5HTEVfVkFMVUVEIn19LCJ0aXRsZSI6eyJtdWx0aVZhbHVlZEF0dHJpYnV0ZSI6eyJrZXkiOiJ0aXRsZSIsImluZmVyZW5jZVR5cGUiOiJUSVRMRSIsInZhbHVlcyI6WyJSaWRlciBIZWxtZXRzIl0sInZhbHVlVHlwZSI6Ik1VTFRJX1ZBTFVFRCJ9fX19fQ%3D%3D
Link Text : Soft Toys
Upto 70% Off
Link URL  : https://www.flipkart.com/toys/stuffed-toys/pr?sid=mgl%2C1zt&hpid=aYIiqog0ctRH4fZXM42Ro6p7_Hsxr70nj65vMAAFKlc%3D&ctx=eyJjYXJkQ29udGV4dCI6eyJhdHRyaWJ1dGVzIjp7InZhbHVlQ2FsbG91dCI6eyJtdWx0aVZhbHVlZEF0dHJpYnV0ZSI6eyJrZXkiOiJ2YWx1ZUNhbGxvdXQiLCJpbmZlcmVuY2VUeXBlIjoiVkFMVUVfQ0FMTE9VVCIsInZhbHVlcyI6WyJVcHRvIDcwJSBPZmYiXSwidmFsdWVUeXBlIjoiTVVMVElfVkFMVUVEIn19LCJoZXJvUGlkIjp7InNpbmdsZVZhbHVlQXR0cmlidXRlIjp7ImtleSI6Imhlcm9QaWQiLCJpbmZlcmVuY2VUeXBlIjoiUElEIiwidmFsdWUiOiJTVEZGRUNIR0RVUjgzUERFIiwidmFsdWVUeXBlIjoiU0lOR0xFX1ZBTFVFRCJ9fSwidGl0bGUiOnsibXVsdGlWYWx1ZWRBdHRyaWJ1dGUiOnsia2V5IjoidGl0bGUiLCJpbmZlcmVuY2VUeXBlIjoiVElUTEUiLCJ2YWx1ZXMiOlsiU29mdCBUb3lzIl0sInZhbHVlVHlwZSI6Ik1VTFRJX1ZBTFVFRCJ9fX19fQ%3D%3D
Link Text : Tyres
From 799
Link URL  : https://www.flipkart.com/automotive-accessories/tyre-and-wheel/tyres/pr?sid=1mt%2Cw8q%2Cfos&marketplace=FLIPKART&hpid=-CSFSwmdIfW7QbIwFPGUDqp7_Hsxr70nj65vMAAFKlc%3D&ctx=eyJjYXJkQ29udGV4dCI6eyJhdHRyaWJ1dGVzIjp7InZhbHVlQ2FsbG91dCI6eyJtdWx0aVZhbHVlZEF0dHJpYnV0ZSI6eyJrZXkiOiJ2YWx1ZUNhbGxvdXQiLCJpbmZlcmVuY2VUeXBlIjoiVkFMVUVfQ0FMTE9VVCIsInZhbHVlcyI6WyJGcm9tIDc5OSJdLCJ2YWx1ZVR5cGUiOiJNVUxUSV9WQUxVRUQifX0sImhlcm9QaWQiOnsic2luZ2xlVmFsdWVBdHRyaWJ1dGUiOnsia2V5IjoiaGVyb1BpZCIsImluZmVyZW5jZVR5cGUiOiJQSUQiLCJ2YWx1ZSI6IlZURUc5VU1GVDlOVU1LRTciLCJ2YWx1ZVR5cGUiOiJTSU5HTEVfVkFMVUVEIn19LCJ0aXRsZSI6eyJtdWx0aVZhbHVlZEF0dHJpYnV0ZSI6eyJrZXkiOiJ0aXRsZSIsImluZmVyZW5jZVR5cGUiOiJUSVRMRSIsInZhbHVlcyI6WyJUeXJlcyJdLCJ2YWx1ZVR5cGUiOiJNVUxUSV9WQUxVRUQifX19fX0%3D
Link Text : Dry Fruits
Upto 75% Off
Link URL  : https://www.flipkart.com/food-products/dry-fruit-nut-seed/pr?sid=eat%2Cltb&p%5B%5D=facets.fulfilled_by%255B%255D%3DPlus%2B%2528FAssured%2529&param=9552&hpid=KM6Pjnf8EGhpAF17AzVGxqp7_Hsxr70nj65vMAAFKlc%3D&ctx=eyJjYXJkQ29udGV4dCI6eyJhdHRyaWJ1dGVzIjp7InZhbHVlQ2FsbG91dCI6eyJtdWx0aVZhbHVlZEF0dHJpYnV0ZSI6eyJrZXkiOiJ2YWx1ZUNhbGxvdXQiLCJpbmZlcmVuY2VUeXBlIjoiVkFMVUVfQ0FMTE9VVCIsInZhbHVlcyI6WyJVcHRvIDc1JSBPZmYiXSwidmFsdWVUeXBlIjoiTVVMVElfVkFMVUVEIn19LCJoZXJvUGlkIjp7InNpbmdsZVZhbHVlQXR0cmlidXRlIjp7ImtleSI6Imhlcm9QaWQiLCJpbmZlcmVuY2VUeXBlIjoiUElEIiwidmFsdWUiOiJOREZHREhBWEFNOVZCWllSIiwidmFsdWVUeXBlIjoiU0lOR0xFX1ZBTFVFRCJ9fSwidGl0bGUiOnsibXVsdGlWYWx1ZWRBdHRyaWJ1dGUiOnsia2V5IjoidGl0bGUiLCJpbmZlcmVuY2VUeXBlIjoiVElUTEUiLCJ2YWx1ZXMiOlsiRHJ5IEZydWl0cyJdLCJ2YWx1ZVR5cGUiOiJNVUxUSV9WQUxVRUQifX19fX0%3D
Link Text : Rakhi Gifting Specials
Link URL  : https://www.flipkart.com/offers-list/rakhi-gifting-specials?screen=dynamic&pk=contentTags%3DRakhi~marketplace%3DFLIPKART~widgetType%3DdealCard~contentType%3DpersonalisedRecommendation%2FC5&marketplace=FLIPKART
Link Text : Smart Watches
Min. 40% Off
Link URL  : https://www.flipkart.com/all/~cs-21e789349087c946d1b57cb0a6372ff1/pr?sid=ajy,buh&marketplace=FLIPKART&restrictLocale=true
Link Text : Rakhi & Rakhi Sets
Min. 50% Off
Link URL  : https://www.flipkart.com/all/~cs-255d43e79615cf3a256d34d1462d289f/pr?sid=bro,zwb,qmi&marketplace=FLIPKART&restrictLocale=true
Link Text : Fresh Flowers
Min. 50% Off
Link URL  : https://www.flipkart.com/all/~cs-20582cdaaca15709166b3cd9f8e8f8a7/pr?sid=arb,g0v,wfl&marketplace=FLIPKART&restrictLocale=true
Link Text : Serving Sets
Min. 50% Off
Link URL  : https://www.flipkart.com/all/~cs-f15054b2ccded44ad80a12d93b2d21b0/pr?sid=upp,i7t,xp4&marketplace=FLIPKART&restrictLocale=true
Link Text : Brand Directory
Link URL  : https://www.flipkart.com/brands
Link Text : Spoyl Store
Link URL  : https://www.flipkart.com/spoyl-ff-store?otracker=undefined_footer
Link Text : One Pieces
Link URL  : https://www.flipkart.com/q/one-pieces?otracker=undefined_footer
Link Text : Fashion EOSS Sale
Link URL  : https://www.flipkart.com/fashion-eoss-trendy-june23-sale-store?otracker=undefined_footer
Link Text : Trend Stop
Link URL  : https://www.flipkart.com/trend-stop-23-store?otracker=undefined_footer
Link Text : Flipkart Axis Bank Super Elite Credit card
Link URL  : https://www.flipkart.com/superelite-credit-card-store?otracker=undefined_footer
Link Text : 5G Mobile Phones
Link URL  : https://www.flipkart.com/5g-mobile-phones-store?otracker=undefined_footer
Link Text : Primebook Laptops
Link URL  : https://www.flipkart.com/primebook-laptop-store?otracker=undefined_footer
Link Text : Moto Edge 40
Link URL  : https://www.flipkart.com/motorola-edge-40-jet-black-256-gb/p/itmbe5b18bf1f229?otracker=undefined_footer
Link Text : Bounce Infinity E1
Link URL  : https://www.flipkart.com/vehicles/bikes-scooters/bounce-infinity~brand/pr?sid=7dk,0aj&otracker=undefined_footer
Link Text : Buy Laptop on EMI
Link URL  : https://www.flipkart.com/q/buy-laptop-on-emi?otracker=undefined_footer
Link Text : Infinix Zero Book Ultra
Link URL  : https://www.flipkart.com/infinix-zero-book-store?otracker=undefined_footer
Link Text : OPPO Reno8 5G
Link URL  : https://www.flipkart.com/oppo-reno8-5g-shimmer-gold-128-gb/p/itmba1bc0bf67ccc?otracker=undefined_footer
Link Text : OPPO Reno8 Pro 5G
Link URL  : https://www.flipkart.com/oppo-reno8-pro-5g-glazed-green-256-gb/p/itm30b1eb50ca71f?otracker=undefined_footer
Link Text : Fresh Flower Bouquet
Link URL  : https://www.flipkart.com/home-decor/flowers-vases/fresh-flowers/pr?sid=arb,g0v,wfl&otracker=undefined_footer
Link Text : Electric Cycles
Link URL  : https://www.flipkart.com/sports/cycling/electric-cycle/pr?sid=abc,ulv,twp&otracker=undefined_footer
Link Text : Badminton
Link URL  : https://www.flipkart.com/sports/badminton/pr?sid=abc%2Cegs&otracker=undefined_footer
Link Text : iphone 14
Link URL  : https://www.flipkart.com/apple-iphone-14-product-red-128-gb/p/itm1f78a4e1a1d76?otracker=undefined_footer
Link Text : Bouquet
Link URL  : https://www.flipkart.com/q/bouquets?otracker=undefined_footer
Link Text : Laptop Repair Services
Link URL  : https://www.flipkart.com/laptop-repair-service-store?otracker=undefined_footer
Link Text : AC Cleaning Services
Link URL  : https://www.flipkart.com/ac-cleaning-service-store?otracker=undefined_footer
Link Text : Oneplus Monitors
Link URL  : https://www.flipkart.com/computers/computer-components/monitors/oneplus~brand/pr?sid=6bo,g0i,9no&otracker=undefined_footer
Link Text : Grievance Redressal
Link URL  : https://www.flipkart.com/pages/grievance-redressal-mechanism?otracker=undefined_footer
Link Text : Mobile Repair Services
Link URL  : https://www.flipkart.com/mobile-repair-service-store?otracker=undefined_footer
Link Text : Sell Old Mobile Phones
Link URL  : https://www.flipkart.com/sell-back-store?otracker=undefined_footer
Link Text : Premium Laptops
Link URL  : https://www.flipkart.com/q/premium-laptops?otracker=undefined_footer
Link Text : Electronics Store
Link URL  : https://www.flipkart.com/flipkart-electronics-new-store?otracker=undefined_footer
Link Text : Phone cover
Link URL  : https://www.flipkart.com/mobile-accessories/cases-and-covers/pr?sid=tyy,4mr,q2u&otracker=undefined_footer
Link Text : Infinix INBook Y1 Plus
Link URL  : https://www.flipkart.com/infinix-inbook-y1-plus-intel-core-i3-10th-gen-8-gb-256-gb-ssd-windows-11-home-xl28-thin-light-laptop/p/itm6c066be25ddde?otracker=undefined_footer
Link Text : Okaya Electric Vehicles
Link URL  : https://www.flipkart.com/vehicles/bikes-scooters/okaya~brand/pr?sid=7dk,0aj&otracker=undefined_footer
Link Text : bgauss electric scooter
Link URL  : https://www.flipkart.com/vehicles/bikes-scooters/bgauss~brand/pr?sid=7dk,0aj&otracker=undefined_footer
Link Text : OPPO Reno7 Pro 5G
Link URL  : https://www.flipkart.com/oppo-reno7-pro-5g-startrails-blue-256-gb/p/itm9a6b0ca45fe90?otracker=undefined_footer
Link Text : iPhone 13
Link URL  : https://www.flipkart.com/apple-iphone-13-pink-128-gb/p/itm6e30c6ee045d2?otracker=undefined_footer
Link Text : iPhone 13 Pro
Link URL  : https://www.flipkart.com/apple-iphone-13-pro-graphite-512-gb/p/itm5c4ef35fbe69f?otracker=undefined_footer
Link Text : iPhone 13 Pro Max
Link URL  : https://www.flipkart.com/apple-iphone-13-pro-max-sierra-blue-128-gb/p/itm5ede69d71530a?otracker=undefined_footer
Link Text : iPhone 13 Mini
Link URL  : https://www.flipkart.com/apple-iphone-13-mini-starlight-128-gb/p/itmcb65606f21fd3?otracker=undefined_footer
Link Text : Google Pixel 6a covers
Link URL  : https://www.flipkart.com/google-bumper-case-pixel-6a/p/itm4aa7b3216aeb9?otracker=undefined_footer
Link Text : Flipkart Quick
Link URL  : https://www.flipkart.com/flipkartquick-hyperlocal-campaign-store?otracker=undefined_footer
Link Text : Ampere Magnus
Link URL  : https://www.flipkart.com/vehicles/bikes-scooters/ampere~brand/pr?sid=7dk,0aj&otracker=undefined_footer
Link Text : Flipkart Help Centre
Link URL  : https://www.flipkart.com/helpcentre?otracker=undefined_footer
Link Text : Online Boat Store
Link URL  : https://www.flipkart.com/boat-online-store?otracker=undefined_footer
Link Text : Covers from Rs 99
Link URL  : https://www.flipkart.com/q/buy-covers-from-rs-99?otracker=undefined_footer
Link Text : Flipkart Track Orders
Link URL  : https://www.flipkart.com/helpcentre/trackOrder/i/2?otracker=undefined_footer
Link Text : Flipkart Manage Orders
Link URL  : https://www.flipkart.com/helpcentre/manageOrder/i/3?otracker=undefined_footer
Link Text : Flipkart Return Orders
Link URL  : https://www.flipkart.com/helpcentre/returnOrder/i/4?otracker=undefined_footer
Link Text : Flipkart Gift Cards Store
Link URL  : https://www.flipkart.com/the-gift-card-store?otracker=undefined_footer
Link Text : Flipkart Axis Bank Credit Card
Link URL  : https://www.flipkart.com/flipkart-axis-bank-credit-card-store?otracker=undefined_footer
Link Text : Flipkart Pay Later
Link URL  : https://www.flipkart.com/flipkart-pay-later-store?otracker=undefined_footer
Link Text : MOBILES
Link URL  : https://www.flipkart.com/mobiles
Link Text : iPhone 12 64GB
Link URL  : https://www.flipkart.com/apple-iphone-12-white-64-gb/p/itm8b88bdc03cd79?otracker=undefined_footer
Link Text : iPhone 12 Pro 512GB
Link URL  : https://www.flipkart.com/apple-iphone-12-pro-graphite-512-gb/p/itmdf0ffb4f2150f?otracker=undefined_footer
Link Text : iPhone 12 128GB
Link URL  : https://www.flipkart.com/apple-iphone-12-blue-128-gb/p/itm02853ae92e90a?otracker=undefined_footer
Link Text : Vivo Y91i
Link URL  : https://www.flipkart.com/vivo-y91i-fusion-black-32-gb/p/itmff6vsadyrbauf?otracker=undefined_footer
Link Text : Vivo Y11
Link URL  : https://www.flipkart.com/vivo-y11-mineral-blue-32-gb/p/itmb764fb6d6ef60?otracker=undefined_footer
Link Text : Vivo Y15
Link URL  : https://www.flipkart.com/vivo-y15-aqua-blue-64-gb/p/itmfgadf77s87w8x?otracker=undefined_footer
Link Text : SAMSUNG Galaxy S21 FE 5G
Link URL  : https://www.flipkart.com/samsung-galaxy-s21-fe-5g-lavender-128-gb/p/itm3b094762fb621?otracker=undefined_footer
Link Text : Infinix HOT 30i
Link URL  : https://www.flipkart.com/infinix-hot-30i-diamond-white-64-gb/p/itm8b42a43b35895?otracker=undefined_footer
Link Text : Realme 10 Pro 5G
Link URL  : https://www.flipkart.com/realme-10-pro-5g-dark-matter-128-gb/p/itm1e672d12a252e?otracker=undefined_footer
Link Text : MOTOROLA G32
Link URL  : https://www.flipkart.com/motorola-g32-mineral-gray-64-gb/p/itmdcfa4c4022714?otracker=undefined_footer
Link Text : MOTOROLA G62 5G
Link URL  : https://www.flipkart.com/motorola-g62-5g-frosted-blue-128-gb/p/itm556a0153d9a10?otracker=undefined_footer
Link Text : Nothing Phone
Link URL  : https://www.flipkart.com/nothing-phone-1-black-128-gb/p/itmeea53a564de47?otracker=undefined_footer
Link Text : REDMI Note 12 Pro 5G
Link URL  : https://www.flipkart.com/redmi-note-12-pro-5g-onyx-black-128-gb/p/itmbc9fd7adaa32a?otracker=undefined_footer
Link Text : Infinix SMART 7
Link URL  : https://www.flipkart.com/infinix-smart-7-azure-blue-64-gb/p/itm7b72b66485a59?otracker=undefined_footer
Link Text : Vivo Y50
Link URL  : https://www.flipkart.com/vivo-y50-pearl-white-128-gb/p/itmd0dcc06ffbe06?otracker=undefined_footer
Link Text : Vivo Y12
Link URL  : https://www.flipkart.com/vivo-y12-burgundy-red-64-gb/p/itmfhyjvucp5mueg?otracker=undefined_footer
Link Text : Reno2 F
Link URL  : https://www.flipkart.com/oppo-reno2-f-lake-green-256-gb/p/itm8413e7eb0b195?otracker=undefined_footer
Link Text : Oppo A12
Link URL  : https://www.flipkart.com/oppo-a12-blue-32-gb/p/itmfc859cdf39e01?otracker=undefined_footer
Link Text : Nothing Phone 5g
Link URL  : https://www.flipkart.com/q/nothing-phone-5g?otracker=undefined_footer
Link Text : Google Pixel 5g Phone
Link URL  : https://www.flipkart.com/q/google-pixel-5g-phone?otracker=undefined_footer
Link Text : Motorola 5g Phone
Link URL  : https://www.flipkart.com/q/motorola-5g-phone?otracker=undefined_footer
Link Text : Realme 5g Smartphone
Link URL  : https://www.flipkart.com/q/realme-5g-smartphone?otracker=undefined_footer
Link Text : Apple 5g Phone
Link URL  : https://www.flipkart.com/q/apple-5g-phone?otracker=undefined_footer
Link Text : Iqoo 5g Phones
Link URL  : https://www.flipkart.com/q/iqoo-5g-phones?otracker=undefined_footer
Link Text : Oneplus 5g Phones
Link URL  : https://www.flipkart.com/q/oneplus-5g-phones?otracker=undefined_footer
Link Text : Vivo 5g Phones
Link URL  : https://www.flipkart.com/q/vivo-5g-phones?otracker=undefined_footer
Link Text : Oppo 5g Smart Phones
Link URL  : https://www.flipkart.com/q/oppo-5g-smart-phones?otracker=undefined_footer
Link Text : Oppo F15
Link URL  : https://www.flipkart.com/oppo-f15-blazing-blue-128-gb/p/itm56d35565691ea?otracker=undefined_footer
Link Text : Oppo A31
Link URL  : https://www.flipkart.com/oppo-a31-fantasy-white-64-gb/p/itm82e19f459118a?otracker=undefined_footer
Link Text : Samsung A71
Link URL  : https://www.flipkart.com/samsung-galaxy-a71-prism-crush-blue-128-gb/p/itmb719fd01880e3?otracker=undefined_footer
Link Text : Samsung A51
Link URL  : https://www.flipkart.com/samsung-galaxy-a51-prism-crush-blue-128-gb/p/itme8079f0fedb33?otracker=undefined_footer
Link Text : Samsung A31
Link URL  : https://www.flipkart.com/samsung-galaxy-a31-prism-crush-white-128-gb/p/itma110137399bdc?otracker=undefined_footer
Link Text : Realme X2
Link URL  : https://www.flipkart.com/realme-x2-pearl-green-64-gb/p/itm75023903eb431?otracker=undefined_footer
Link Text : iPhone 11
Link URL  : https://www.flipkart.com/apple-iphone-11-white-64-gb/p/itm2644c3764fc54?otracker=undefined_footer
Link Text : iPhone 11 Pro
Link URL  : https://www.flipkart.com/apple-iphone-11-pro-space-grey-64-gb/p/itm7e24c1c560208?otracker=undefined_footer
Link Text : Mobile Cover
Link URL  : https://www.flipkart.com/mobile-accessories/cases-and-covers/pr?sid=tyy,4mr,q2u&otracker=undefined_footer
Link Text : Mobile Offers
Link URL  : https://www.flipkart.com/mobile-phone-offers-store?otracker=undefined_footer
Link Text : iphone x
Link URL  : https://www.flipkart.com/apple-iphone-x-space-gray-64-gb/p/itmexrgv6hctyrav?otracker=undefined_footer
Link Text : 4G Mobile
Link URL  : https://www.flipkart.com/4g-mobile-phones-store?otracker=undefined_footer
Link Text : Nokia Mobile
Link URL  : https://www.flipkart.com/nokia-mobile-phones-store?otracker=undefined_footer
Link Text : Samsung Mobile
Link URL  : https://www.flipkart.com/samsung-mobile-store?otracker=undefined_footer
Link Text : iphone
Link URL  : https://www.flipkart.com/mobiles/apple~brand/pr?sid=tyy,4io&otracker=undefined_footer
Link Text : Oppo Mobile
Link URL  : https://www.flipkart.com/oppo-mobile-phones-store?otracker=undefined_footer
Link Text : Vivo Mobile
Link URL  : https://www.flipkart.com/vivo-mobile-phones-store?otracker=undefined_footer
Link Text : CAMERA
Link URL  : https://www.flipkart.com/cameras
Link Text : GoPro Action Camera
Link URL  : https://www.flipkart.com/gopro-hero-sports-action-camera/p/itmf3s4abpfgawhc?otracker=undefined_footer
Link Text : Nikon Camera
Link URL  : https://www.flipkart.com/cameras/nikon~brand/pr?sid=jek,p31&otracker=undefined_footer
Link Text : Canon Camera
Link URL  : https://www.flipkart.com/cameras/canon~brand/pr?sid=jek,p31&otracker=undefined_footer
Link Text : Sony Camera
Link URL  : https://www.flipkart.com/q/sony-cameras?otracker=undefined_footer
Link Text : Canon DSLR
Link URL  : https://www.flipkart.com/q/canon-dslr-cameras?otracker=undefined_footer
Link Text : Nikon DSLR
Link URL  : https://www.flipkart.com/cameras/dslr-mirrorless/nikon~brand/pr?sid=jek,p31,trv&otracker=undefined_footer
Link Text : LAPTOPS
Link URL  : https://www.flipkart.com/brands/laptops?sid=6bo,b5g
Link Text : Asus ROG Ally
Link URL  : https://www.flipkart.com/avita-liber-core-i7-10th-gen-16-gb-1-tb-ssd-windows-10-home-ns14a8inr671-pag-thin-light-laptop/p/itmbe8a49652ca6f?pid=COMGQKQ7GGNFR8N4&otracker=undefined_footer
Link Text : MacBook Pro M2
Link URL  : https://www.flipkart.com/apple-2022-macbook-pro-m2-8-gb-256-gb-ssd-mac-os-monterey-mneh3hn-a/p/itmaea892f7dd66e?otracker=undefined_footer
Link Text : Premium Laptop
Link URL  : https://www.flipkart.com/q/premium-laptops?otracker=undefined_footer
Link Text : ASUS ROG Strix SCAR 16 (2023) Core i9 13th Gen
Link URL  : https://www.flipkart.com/asus-rog-strix-scar-16-2023-core-i9-13th-gen-32-gb-1-tb-ssd-windows-11-home-12-gb-graphics-nvidia-geforce-rtx-4080-g634jz-n4062ws-gaming-laptop/p/itma62818795454d?otracker=undefined_footer
Link Text : ASUS ROG Zephyrus M16 (2023) Core i9 13th Gen
Link URL  : https://www.flipkart.com/asus-rog-zephyrus-m16-2023-core-i9-13th-gen-32-gb-2-tb-ssd-windows-11-home-16-gb-graphics-nvidia-geforce-rtx-4090-gu604vy-nm058ws-gaming-laptop/p/itm7ad23e5445edf?otracker=undefined_footer
Link Text : ASUS Zenbook 14 OLED (2022)
Link URL  : https://www.flipkart.com/asus-zenbook-14-oled-2022-core-i5-12th-gen-16-gb-512-gb-ssd-windows-11-home-ux3402za-km531ws-thin-light-laptop/p/itm92e2e0518b654?otracker=undefined_footer
Link Text : Realme Book Prime Core i5 11th Gen
Link URL  : https://www.flipkart.com/realme-book-prime-core-i5-11th-gen-16-gb-512-gb-ssd-windows-11-home-cloudpro002-thin-light-laptop/p/itm7d1b1a9d3579b?otracker=undefined_footer
Link Text : Microsoft Surface Go Pentium 128GB
Link URL  : https://www.flipkart.com/microsoft-surface-go-pentium-gold-8-gb-128-gb-ssd-windows-10-home-s-mode-1824-2-1-laptop/p/itmfb6pyjzy9y8n4?otracker=undefined_footer
Link Text : Branded Laptops
Link URL  : https://www.flipkart.com/laptops-store?otracker=undefined_footer
Link Text : Apple Laptops
Link URL  : https://www.flipkart.com/laptops/apple~brand/pr?sid=6bo,b5g&otracker=undefined_footer
Link Text : Acer Laptops
Link URL  : https://www.flipkart.com/laptops/acer~brand/pr?sid=6bo,b5g&otracker=undefined_footer
Link Text : Lenovo Laptops
Link URL  : https://www.flipkart.com/laptops/lenovo~brand/pr?sid=6bo,b5g&otracker=undefined_footer
Link Text : Dell Laptops
Link URL  : https://www.flipkart.com/laptops/dell~brand/pr?sid=6bo,b5g&otracker=undefined_footer
Link Text : Asus Laptops
Link URL  : https://www.flipkart.com/laptops/asus~brand/pr?sid=6bo,b5g&otracker=undefined_footer
Link Text : HP Laptops
Link URL  : https://www.flipkart.com/laptops/hp~brand/pr?sid=6bo,b5g&otracker=undefined_footer
Link Text : Gaming Laptops
Link URL  : https://www.flipkart.com/gaming/gaming-laptops/pr?sid=4rr,tz1&otracker=undefined_footer
Link Text : 2 in 1 Laptops
Link URL  : https://www.flipkart.com/laptops/~2-in-1-laptops/pr?sid=6bo,b5g&otracker=undefined_footer
Link Text : Laptops
Link URL  : https://www.flipkart.com/laptops-store?otracker=undefined_footer
Link Text : Dell latest laptops 2022
Link URL  : https://www.flipkart.com/q/dell-latest-laptops-2022?otracker=undefined_footer
Link Text : HP latest laptops 2022
Link URL  : https://www.flipkart.com/q/hp-latest-laptops-2022?otracker=undefined_footer
Link Text : Infinix INBook Y1 Plus
Link URL  : https://www.flipkart.com/infinix-inbook-y1-plus-intel-core-i3-10th-gen-8-gb-256-gb-ssd-windows-11-home-xl28-thin-light-laptop/p/itm6c066be25ddde?otracker=undefined_footer
Link Text : SAMSUNG Galaxy Book3
Link URL  : https://www.flipkart.com/samsung-galaxy-book3-core-i7-13th-gen-16-gb-512-gb-ssd-windows-11-home-thin-light-laptop/p/itmf5efb3b1c35fa?otracker=undefined_footer
Link Text : 12th Gen Intel Core Laptops
Link URL  : https://www.flipkart.com/q/12th-gen-intel-core-laptops?otracker=undefined_footer
Link Text : TVS
Link URL  : https://www.flipkart.com/televisions
Link Text : Nokia TV
Link URL  : https://www.flipkart.com/televisions/nokia~brand/pr?sid=ckf,czl&otracker=undefined_footer
Link Text : Panasonic TV
Link URL  : https://www.flipkart.com/televisions/panasonic~brand/pr?sid=ckf,czl&otracker=undefined_footer
Link Text : Thomson TV
Link URL  : https://www.flipkart.com/televisions/thomson~brand/pr?sid=ckf,czl&otracker=undefined_footer
Link Text : Mi X Pro
Link URL  : https://www.flipkart.com/mi-x-pro-108-cm-43-inch-ultra-hd-4k-led-smart-google-tv-dolby-atmos-vision-iq/p/itmccb958ce6c75e?otracker=undefined_footer
Link Text : Realme TV
Link URL  : https://www.flipkart.com/televisions/realme~brand/pr?sid=ckf,czl&otracker=undefined_footer
Link Text : Motorola TV
Link URL  : https://www.flipkart.com/televisions/motorola~brand/pr?sid=ckf,czl&otracker=undefined_footer
Link Text : OnePlus TVs
Link URL  : https://www.flipkart.com/televisions/oneplus~brand/pr?sid=ckf,czl&otracker=undefined_footer
Link Text : LG TV
Link URL  : https://www.flipkart.com/televisions/lg~brand/pr?sid=ckf,czl&otracker=undefined_footer
Link Text : TV
Link URL  : https://www.flipkart.com/television-store?otracker=undefined_footer
Link Text : Sony TV
Link URL  : https://www.flipkart.com/televisions/sony~brand/pr?sid=ckf,czl&otracker=undefined_footer
Link Text : Samsung TV
Link URL  : https://www.flipkart.com/televisions/samsung~brand/pr?sid=ckf,czl&otracker=undefined_footer
Link Text : Android Television
Link URL  : https://www.flipkart.com/android-tv-store?otracker=undefined_footer
Link Text : Iffalcon Tv
Link URL  : https://www.flipkart.com/televisions/iffalcon~brand/pr?sid=ckf,czl&otracker=undefined_footer
Link Text : Mi TV
Link URL  : https://www.flipkart.com/televisions/mi~brand/pr?sid=ckf,czl&otracker=undefined_footer
Link Text : LARGE APPLIANCES
Link URL  : https://www.flipkart.com/large-appliances
Link Text : TV & Appliances End of Season Sale
Link URL  : https://www.flipkart.com/tv-and-appliances-big-end-of-season-sale-store?otracker=undefined_footer
Link Text : Television
Link URL  : https://www.flipkart.com/television-store?otracker=undefined_footer
Link Text : Washing Machines
Link URL  : https://www.flipkart.com/washing-machines/pr?sid=j9e,abm,8qx&otracker=undefined_footer
Link Text : Refrigerators
Link URL  : https://www.flipkart.com/refrigerators/pr?sid=j9e,abm,hzg&otracker=undefined_footer
Link Text : Air Conditioners
Link URL  : https://www.flipkart.com/air-conditioners/pr?sid=j9e,abm,c54&otracker=undefined_footer
Link Text : Electric Cookers
Link URL  : https://www.flipkart.com/electric-cookers/pr?sid=j9e,m38,9m9&otracker=undefined_footer
Link Text : Electric Jug(Heater) / Travel Kettles
Link URL  : https://www.flipkart.com/electric-jugheatertravel-kettles/pr?sid=j9e,m38,xrv&otracker=undefined_footer
Link Text : Induction Cooktops
Link URL  : https://www.flipkart.com/induction-cooktops/pr?sid=j9e,m38,575&otracker=undefined_footer
Link Text : Inverters / stabilizer
Link URL  : https://www.flipkart.com/inverters/pr?sid=j9e,abm,7no&otracker=undefined_footer
Link Text : Irons / Iron Box
Link URL  : https://www.flipkart.com/iron/pr?sid=j9e,abm,a0u&otracker=undefined_footer
Link Text : Mixer Grinder Juicer
Link URL  : https://www.flipkart.com/mixerjuicergrinders/pr?sid=j9e,m38,7ek&otracker=undefined_footer
Link Text : Wet Grinders
Link URL  : https://www.flipkart.com/wet-grinders/pr?sid=j9e,m38,htd&otracker=undefined_footer
Link Text : Chimneys
Link URL  : https://www.flipkart.com/chimney/pr?sid=j9e,m38,tgz&otracker=undefined_footer
Link Text : Microwave Ovens
Link URL  : https://www.flipkart.com/microwave-ovens/pr?sid=j9e,m38,o49&otracker=undefined_footer
Link Text : Vacuum Cleaners
Link URL  : https://www.flipkart.com/vacuum-cleaners/pr?sid=j9e,abm,ul2&otracker=undefined_footer
Link Text : Water Purifier
Link URL  : https://www.flipkart.com/water-purifiers/pr?sid=j9e,abm,i45&otracker=undefined_footer
Link Text : Fan
Link URL  : https://www.flipkart.com/fans/pr?sid=j9e,abm,lbz&otracker=undefined_footer
Link Text : MarQ Customer Care
Link URL  : https://www.flipkart.com/marq-main-store?otracker=undefined_footer
Link Text : CLOTHING
Link URL  : https://www.flipkart.com/clothing
Link Text : Green bridal lehenga
Link URL  : https://www.flipkart.com/q/green-bridal-lehenga?otracker=undefined_footer
Link Text : Bridal Blouse
Link URL  : https://www.flipkart.com/q/bridal-blouse?otracker=undefined_footer
Link Text : Half saree blouse designs
Link URL  : https://www.flipkart.com/q/half-saree-blouse-designs?otracker=undefined_footer
Link Text : Designer blouses
Link URL  : https://www.flipkart.com/q/designer-blouses?otracker=undefined_footer
Link Text : Blouse designs
Link URL  : https://www.flipkart.com/q/blouse-designs?otracker=undefined_footer
Link Text : Men Shirts
Link URL  : https://www.flipkart.com/mens-shirts/pr?sid=clo%2Cash%2Caxc%2Cmmk&otracker=undefined_footer
Link Text : Plain suit with heavy dupatta
Link URL  : https://www.flipkart.com/q/plain-suit-with-heavy-dupatta?otracker=undefined_footer
Link Text : Half saree for kids
Link URL  : https://www.flipkart.com/q/half-saree-for-kids?otracker=undefined_footer
Link Text : Cotton saree blouse designs
Link URL  : https://www.flipkart.com/q/cotton-saree-blouse-designs?otracker=undefined_footer
Link Text : Kurta Pajama
Link URL  : https://www.flipkart.com/mens-ethnic-sets/kurta-and-pyjama-set~type/pr?sid=clo%2Ccfv%2Citg%2Cpme&otracker=undefined_footer
Link Text : Men T-Shirts
Link URL  : https://www.flipkart.com/mens-tshirts/pr?sid=clo%2Cash%2Cank%2Cedy&otracker=undefined_footer
Link Text : New blouse design
Link URL  : https://www.flipkart.com/q/new-blouse-design?otracker=undefined_footer
Link Text : Jeans
Link URL  : https://www.flipkart.com/mens-jeans/pr?sid=clo%2Cvua%2Ck58%2Ci51&otracker=undefined_footer
Link Text : Bridal designer blouse
Link URL  : https://www.flipkart.com/q/bridal-designer-blouse?otracker=undefined_footer
Link Text : Simple aari work blouse designs
Link URL  : https://www.flipkart.com/q/simple-aari-work-blouse-designs?otracker=undefined_footer
Link Text : Bridal banarasi sarees
Link URL  : https://www.flipkart.com/q/bridal-banarasi-sarees?otracker=undefined_footer
Link Text : Saree
Link URL  : https://www.flipkart.com/q/sarees?otracker=undefined_footer
Link Text : High waist panties
Link URL  : https://www.flipkart.com/q/high-waist-panties?otracker=undefined_footer
Link Text : Hooded jacket women
Link URL  : https://www.flipkart.com/q/hooded-jacket-women?otracker=undefined_footer
Link Text : Dresses
Link URL  : https://www.flipkart.com/womens-dresses/pr?sid=clo%2Codx%2Cmaj%2Cjhy&otracker=undefined_footer
Link Text : Hoodie tshirts for men
Link URL  : https://www.flipkart.com/q/hoodie-t-shirts-for-men?otracker=undefined_footer
Link Text : One pieces
Link URL  : https://www.flipkart.com/q/one-pieces?otracker=undefined_footer
Link Text : Hip hop cap for men
Link URL  : https://www.flipkart.com/q/hip-hop-cap-for-men?otracker=undefined_footer
Link Text : Groom wedding sherwani
Link URL  : https://www.flipkart.com/q/groom-wedding-sherwani?otracker=undefined_footer
Link Text : Designer Salwar Suits
Link URL  : https://www.flipkart.com/q/designer-salwar-suits?otracker=undefined_footer
Link Text : Bra
Link URL  : https://www.flipkart.com/bras/pr?sid=clo%2Cqfl%2Cv5v%2Ckzg&otracker=undefined_footer
Link Text : Aari work blouse hand designs
Link URL  : https://www.flipkart.com/q/aari-work-blouse-hand-designs?otracker=undefined_footer
Link Text : Cotton simple blouse designs
Link URL  : https://www.flipkart.com/q/cotton-simple-blouse-designs?otracker=undefined_footer
Link Text : Banarasi saree blouse designs
Link URL  : https://www.flipkart.com/q/banarasi-saree-blouse-designs?otracker=undefined_footer
Link Text : Designer Kurtis
Link URL  : https://www.flipkart.com/q/designer-kurtis?otracker=undefined_footer
Link Text : Stylish blouse astin design
Link URL  : https://www.flipkart.com/q/stylish-blouse-astin-design?otracker=undefined_footer
Link Text : Track Pant
Link URL  : https://www.flipkart.com/mens-track-pants/pr?sid=clo%2Cvua%2Cjlk%2C6ql&otracker=undefined_footer
Link Text : Blouse neck designs
Link URL  : https://www.flipkart.com/q/blouse-neck-designs?otracker=undefined_footer
Link Text : Men Kurtas
Link URL  : https://www.flipkart.com/q/men-kurtas?otracker=undefined_footer
Link Text : V neck blouse designs
Link URL  : https://www.flipkart.com/q/v-neck-blouse-designs?otracker=undefined_footer
Link Text : Gym Wear
Link URL  : https://www.flipkart.com/q/womens-gym-wear?otracker=undefined_footer
Link Text : Party Dresses
Link URL  : https://www.flipkart.com/womens-dresses/party~occasion/pr?sid=clo%2Codx%2Cmaj%2Cjhy&otracker=undefined_footer
Link Text : Palazzo Suits
Link URL  : https://www.flipkart.com/womens-ethnic-sets/kurta-and-palazzo-set~type/pr?sid=clo%2Ccfv%2Citg%2Ctys&otracker=undefined_footer
Link Text : Boys Clothing
Link URL  : https://www.flipkart.com/q/boys-clothing?otracker=undefined_footer
Link Text : Gloves
Link URL  : https://www.flipkart.com/clothing-and-accessories/winter-wear/gloves/mens-gloves/pr?sid=clo%2Cqvw%2Ctog%2Cjvu&otracker=undefined_footer
Link Text : Nighty
Link URL  : https://www.flipkart.com/womens-night-dresses-and-nighties/pr?sid=clo%2C1hc%2Ckc4%2Cnmu&otracker=undefined_footer
Link Text : Maxi Dresses
Link URL  : https://www.flipkart.com/womens-dresses/maxi~type/pr?sid=clo%2Codx%2Cmaj%2Cjhy&otracker=undefined_footer
Link Text : Anarkali
Link URL  : https://www.flipkart.com/q/anarkali?otracker=undefined_footer
Link Text : Gowns
Link URL  : https://www.flipkart.com/womens-gowns/pr?sid=clo%2Codx%2Cod7%2C0xx&otracker=undefined_footer
Link Text : Culottes
Link URL  : https://www.flipkart.com/q/culottes?otracker=undefined_footer
Link Text : Salwar Suits
Link URL  : https://www.flipkart.com/q/salwar-suit?otracker=undefined_footer
Link Text : Kurtis
Link URL  : https://www.flipkart.com/womens-kurtas-kurtis/pr?sid=clo%2Ccfv%2Ccib%2Crkt&otracker=undefined_footer
Link Text : Designer Sarees
Link URL  : https://www.flipkart.com/q/designer-sarees?otracker=undefined_footer
Link Text : Leggings
Link URL  : https://www.flipkart.com/q/leggings?otracker=undefined_footer
Link Text : Shorts
Link URL  : https://www.flipkart.com/mens-shorts/pr?sid=clo%2Cvua%2Ce8g%2Ckc7&otracker=undefined_footer
Link Text : Georgette Sarees
Link URL  : https://www.flipkart.com/q/georgette-sarees?otracker=undefined_footer
Link Text : Ethnic Wear
Link URL  : https://www.flipkart.com/q/ethnic-wear?otracker=undefined_footer
Link Text : Briefs & Trunks
Link URL  : https://www.flipkart.com/mens-briefs-and-trunks/pr?sid=clo%2Cqfl%2Cszr%2C3xl&otracker=undefined_footer
Link Text : Nike Watches
Link URL  : https://www.flipkart.com/q/nike-watches?otracker=undefined_footer
Link Text : Women henley
Link URL  : https://www.flipkart.com/q/women-henley?otracker=undefined_footer
Link Text : uppada pattu sarees
Link URL  : https://www.flipkart.com/q/uppada-pattu-sarees?otracker=undefined_footer
Link Text : Blouse back design
Link URL  : https://www.flipkart.com/q/blouse-back-design?otracker=undefined_footer
Link Text : Leopard dresses
Link URL  : https://www.flipkart.com/q/leopard-dresses?otracker=undefined_footer
Link Text : Sleeveless shrugs
Link URL  : https://www.flipkart.com/q/sleeveless-shrugs?otracker=undefined_footer
Link Text : Latest blouse designs
Link URL  : https://www.flipkart.com/q/latest-blouse-designs?otracker=undefined_footer
Link Text : Simple Blouse designs
Link URL  : https://www.flipkart.com/q/simple-blouse-designs?otracker=undefined_footer
Link Text : FOOTWEAR
Link URL  : https://www.flipkart.com/brands/footwear?sid=osp
Link Text : Shoes
Link URL  : https://www.flipkart.com/mens-shoes-store?otracker=undefined_footer
Link Text : Adidas Shoes
Link URL  : https://www.flipkart.com/mens-footwear/sports-shoes/adidas~brand/pr?sid=osp,cil,1cu&otracker=undefined_footer
Link Text : Reebok Shoes
Link URL  : https://www.flipkart.com/mens-footwear/reebok~brand/pr?sid=osp,cil&otracker=undefined_footer
Link Text : Nike Shoes
Link URL  : https://www.flipkart.com/mens-footwear/nike~brand/pr?sid=osp,cil&otracker=undefined_footer
Link Text : Puma Shoes
Link URL  : https://www.flipkart.com/mens-footwear/puma~brand/pr?sid=osp,cil&otracker=undefined_footer
Link Text : Boots
Link URL  : https://www.flipkart.com/mens-footwear/casual-shoes/boots~type/pr?sid=osp,cil,e1f&otracker=undefined_footer
Link Text : Bata Shoes
Link URL  : https://www.flipkart.com/q/bata-shoes?otracker=undefined_footer
Link Text : Woodland Shoes
Link URL  : https://www.flipkart.com/q/woodland-shoes?otracker=undefined_footer
Link Text : Skechers Shoes
Link URL  : https://www.flipkart.com/mens-footwear/skechers~brand/pr?sid=osp,cil&otracker=undefined_footer
Link Text : Sneakers
Link URL  : https://www.flipkart.com/mens-footwear/casual-shoes/sneakers~type/pr?sid=osp%2Ccil%2Ce1f&otracker=undefined_footer
Link Text : Womens Boots
Link URL  : https://www.flipkart.com/womens-footwear/boots/pr?sid=osp,iko,xgp&otracker=undefined_footer
Link Text : Sports Shoes
Link URL  : https://www.flipkart.com/mens-footwear/sports-shoes/pr?sid=osp%2Ccil%2C1cu&otracker=undefined_footer
Link Text : Loafers
Link URL  : https://www.flipkart.com/mens-footwear/casual-shoes/loafers~type/pr?sid=osp%2Ccil%2Ce1f&otracker=undefined_footer
Link Text : Sandals
Link URL  : https://www.flipkart.com/mens-footwear/sandals-floaters/pr?sid=osp%2Ccil%2Ce83&otracker=undefined_footer
Link Text : Lotto Sports Shoes
Link URL  : https://www.flipkart.com/mens-footwear/sports-shoes/lotto~brand/pr?sid=osp%2Ccil%2C1cu&otracker=undefined_footer
Link Text : Casual Shoes
Link URL  : https://www.flipkart.com/mens-footwear/casual-shoes/pr?sid=osp,cil,e1f&otracker=undefined_footer
Link Text : Womens Skechers Shoes
Link URL  : https://www.flipkart.com/womens-footwear/skechers~brand/pr?sid=osp,iko&otracker=undefined_footer
Link Text : Asics Sports Shoes
Link URL  : https://www.flipkart.com/mens-footwear/sports-shoes/asics~brand/pr?sid=osp%2Ccil%2C1cu&otracker=undefined_footer
Link Text : Formal Shoes
Link URL  : https://www.flipkart.com/mens-footwear/formal-shoes/pr?sid=osp,cil,ssb&otracker=undefined_footer
Link Text : School Shoes
Link URL  : https://www.flipkart.com/q/school-shoes?otracker=undefined_footer
Link Text : GROCERIES
Link URL  : https://www.flipkart.com/grocery-supermart-store?marketplace=GROCERY
Link Text : PhonePe Grocery Voucher
Link URL  : https://www.flipkart.com/redeem-flipkart-grocery-coupon-voucher-phonepe-store?marketplace=GROCERY&otracker=undefined_footer
Link Text : Hand Wash
Link URL  : https://www.flipkart.com/grocery/personal-baby-care/soaps-body-wash/hand-wash/pr?sid=73z%2Cnjl%2Csn6%2C6vr&marketplace=GROCERY&otracker=undefined_footer
Link Text : Soap
Link URL  : https://www.flipkart.com/grocery/personal-baby-care/soaps-body-wash/soaps/pr?sid=73z%2Cnjl%2Csn6%2Cr6y&marketplace=GROCERY&otracker=undefined_footer
Link Text : Cashew Nuts
Link URL  : https://www.flipkart.com/grocery/staples/dry-fruits-nuts-seeds/cashew-nuts/pr?sid=73z%2Cbpe%2Cdtp%2Cghn&marketplace=GROCERY&otracker=undefined_footer
Link Text : Sunflower Oil
Link URL  : https://www.flipkart.com/grocery/staples/ghee-oils/sunflower-oil/pr?sid=73z,bpe,4wu,4vo&marketplace=GROCERY&otracker=undefined_footer
Link Text : Eggs
Link URL  : https://www.flipkart.com/grocery/dairy-eggs/eggs/pr?sid=73z%2Cesa%2Chh7&marketplace=GROCERY&otracker=undefined_footer
Link Text : Toilet Cleaner
Link URL  : https://www.flipkart.com/grocery/household-care/floor-other-cleaners/toilet-cleaners/pr?sid=73z,cwl,u3c,ijq&marketplace=GROCERY&otracker=undefined_footer
Link Text : Harpic Toilet Cleaner
Link URL  : https://www.flipkart.com/grocery/household-care/floor-other-cleaners/toilet-cleaners/harpic~brand/pr?sid=73z%2Ccwl%2Cu3c%2Cijq&marketplace=GROCERY&otracker=undefined_footer
Link Text : Dettol Soap
Link URL  : https://www.flipkart.com/grocery/personal-baby-care/soaps-body-wash/soaps/dettol~brand/pr?sid=73z,njl,sn6,r6y&marketplace=GROCERY&otracker=undefined_footer
Link Text : Mustard Oil
Link URL  : https://www.flipkart.com/grocery/staples/ghee-oils/mustard-oil/pr?sid=73z%2Cbpe%2C4wu%2Ctmu&marketplace=GROCERY&otracker=undefined_footer
Link Text : Biscuits
Link URL  : https://www.flipkart.com/grocery/snacks-beverages/biscuits/pr?sid=73z%2Cujs%2Ceb9&marketplace=GROCERY&otracker=undefined_footer
Link Text : Cheese
Link URL  : https://www.flipkart.com/grocery/dairy-eggs/dairy/cheese/pr?sid=73z%2Cesa%2Cdt6%2C4ku&marketplace=GROCERY&otracker=undefined_footer
Link Text : Patanjali Atta
Link URL  : https://www.flipkart.com/grocery/staples/atta-flours/wheat-atta/patanjali~brand/pr?sid=73z%2Cbpe%2C9da%2C1fd&marketplace=GROCERY&otracker=undefined_footer
Link Text : Fortune Oil
Link URL  : https://www.flipkart.com/grocery/staples/ghee-oils/sunflower-oil/fortune~brand/pr?sid=73z,bpe,4wu,4vo&marketplace=GROCERY&otracker=undefined_footer
Link Text : Aashirvaad Atta
Link URL  : https://www.flipkart.com/grocery/staples/atta-flours/wheat-atta/aashirvaad~brand/pr?sid=73z%2Cbpe%2C9da%2C1fd&marketplace=GROCERY&otracker=undefined_footer
Link Text : Tea
Link URL  : https://www.flipkart.com/grocery/snacks-beverages/tea/pr?sid=73z%2Cujs%2Camr&marketplace=GROCERY&otracker=undefined_footer
Link Text : BEST SELLING ON FLIPKART
Link URL  : https://www.flipkart.com/
Link Text : Fire-Boltt Ninja Calling Pro Bluetooth Calling Smartwatch 1.69 inch HD Display Smartwatch
Link URL  : https://www.flipkart.com/fire-boltt-ninja-calling-pro-bluetooth-smartwatch-1-69-inch-hd-display/p/itmdf55f3ccff677?otracker=undefined_footer
Link Text : Best Gas Geyser
Link URL  : https://www.flipkart.com/q/best-gas-geyser?otracker=undefined_footer
Link Text : Kitchen Geyser
Link URL  : https://www.flipkart.com/q/kitchen-geyser?otracker=undefined_footer
Link Text : Nutri Blenders
Link URL  : https://www.flipkart.com/q/nutri-blenders?otracker=undefined_footer
Link Text : Portable Air Cooler
Link URL  : https://www.flipkart.com/q/portable-air-cooler?otracker=undefined_footer
Link Text : Best Air Cooler
Link URL  : https://www.flipkart.com/q/best-air-cooler?otracker=undefined_footer
Link Text : Bags
Link URL  : https://www.flipkart.com/bags-online-store?otracker=undefined_footer
Link Text : Hitachi Refrigerator 3 Door
Link URL  : https://www.flipkart.com/q/hitachi-refrigerator-3-door?otracker=undefined_footer
Link Text : Books
Link URL  : https://www.flipkart.com/books-store?otracker=undefined_footer
Link Text : Toys
Link URL  : https://www.flipkart.com/toys-online-store?otracker=undefined_footer
Link Text : Candles
Link URL  : https://www.flipkart.com/home-decor/diyas-candles-holders/candles/pr?sid=arb,mvm,p0s&otracker=undefined_footer
Link Text : Helmets
Link URL  : https://www.flipkart.com/automotive/car-bike-accessories/helmets-riding-gear/helmets-locks/helmets/pr?sid=0hx,bwd,bgt,c0x,wnn&otracker=undefined_footer
Link Text : Wall Clocks
Link URL  : https://www.flipkart.com/home-decor/clocks/wall-clocks/pr?sid=arb,kjw,bm1&otracker=undefined_footer
Link Text : Baby Food
Link URL  : https://www.flipkart.com/baby-care/baby-food/pr?sid=kyh,arw&otracker=undefined_footer
Link Text : Chocolates
Link URL  : https://www.flipkart.com/food-nutrition/confectioneries-sweets/chocolates/pr?sid=7jv,iyp,s4n&otracker=undefined_footer
Link Text : Cycles
Link URL  : https://www.flipkart.com/sports/cycling/cycles/pr?sid=abc,ulv,ixt&otracker=undefined_footer
Link Text : Calculators
Link URL  : https://www.flipkart.com/pens-stationery/calculators/pr?sid=dgv,qtq&otracker=undefined_footer
Link Text : Lipsticks
Link URL  : https://www.flipkart.com/beauty-and-grooming/makeup/lips/lipstick/pr?sid=g9b,ffi,tv5,una&otracker=undefined_footer
Link Text : Mask
Link URL  : https://www.flipkart.com/health-care/home-medical-supplies/health-monitors/pollution-masks/pr?sid=hlc%2C20m%2Cled%2Cdew&otracker=undefined_footer
Link Text : Vertiv UPS
Link URL  : https://www.flipkart.com/laptop-accessories/ups/pr?sid=6bo%2Cai3%2Cpi1&otracker=undefined_footer
Link Text : Fastrack Watches
Link URL  : https://www.flipkart.com/watches/fastrack~brand/pr?sid=r18&otracker=undefined_footer
Link Text : Wallets
Link URL  : https://www.flipkart.com/bags-wallets-belts/wallets-clutches/wallets/pr?sid=reh%2Ccca%2Ch76&otracker=undefined_footer
Link Text : Earrings
Link URL  : https://www.flipkart.com/earrings/pr?sid=mcr,96v,k9d&otracker=undefined_footer
Link Text : Gold Coins
Link URL  : https://www.flipkart.com/jewellery/~gold-coins/pr?sid=mcr&otracker=undefined_footer
Link Text : Realme Pad Mini
Link URL  : https://www.flipkart.com/realme-pad-mini-3-gb-ram-32-rom-8-68-inch-4g-tablet-grey/p/itmdb6b41e4b36ef?otracker=undefined_footer
Link Text : Handbags
Link URL  : https://www.flipkart.com/handbags/pr?sid=reh,ihu,m08&otracker=undefined_footer
Link Text : conekt SW2 Smartwatch
Link URL  : https://www.flipkart.com/conekt-sw2-smartwatch/p/itmaa5781a80aec1?otracker=undefined_footer
Link Text : Mivi DuoPods a350
Link URL  : https://www.flipkart.com/q/mivi-duopods-a350?otracker=undefined_footer
Link Text : Speaker Cleaner
Link URL  : https://www.flipkart.com/q/mobile-speaker-cleaner?otracker=undefined_footer
Link Text : FURNITURE
Link URL  : https://www.flipkart.com/furniture/pr?sid=wwe
Link Text : Furniture
Link URL  : https://www.flipkart.com/furniture-store?otracker=undefined_footer
Link Text : Sofas
Link URL  : https://www.flipkart.com/furniture/sofas/sofa-sets/pr?sid=wwe,c3z,r0c&otracker=undefined_footer
Link Text : Beds
Link URL  : https://www.flipkart.com/furniture/beds/pr?sid=wwe,7p7&otracker=undefined_footer
Link Text : Dining sets
Link URL  : https://www.flipkart.com/furniture/dining-tables-sets/pr?sid=wwe,ur9&otracker=undefined_footer
Link Text : Wardrobes
Link URL  : https://www.flipkart.com/furniture/wardrobes/pr?sid=wwe,fc3&otracker=undefined_footer
Link Text : Mattresses
Link URL  : https://www.flipkart.com/furniture/mattresses/pr?sid=wwe,rg9&otracker=undefined_footer
Link Text : TV Units
Link URL  : https://www.flipkart.com/furniture/tv-units-cabinets/pr?sid=wwe,243&otracker=undefined_footer
Link Text : Tables
Link URL  : https://www.flipkart.com/furniture/tables/pr?sid=wwe,ki7&otracker=undefined_footer
Link Text : Chairs
Link URL  : https://www.flipkart.com/furniture/chairs/pr?sid=wwe,y7b&otracker=undefined_footer
Link Text : Shelves
Link URL  : https://www.flipkart.com/furniture/shelves/pr?sid=wwe,vmc&otracker=undefined_footer
Link Text : Bean Bags
Link URL  : https://www.flipkart.com/furniture/bean-bags/pr?sid=wwe,4n6&otracker=undefined_footer
Link Text : Office Chairs
Link URL  : https://www.flipkart.com/furniture/chairs/office-study-chairs/pr?sid=wwe,y7b,foc&otracker=undefined_footer
Link Text : Computer Table
Link URL  : https://www.flipkart.com/q/computer-tables?otracker=undefined_footer
Link Text : Office Tables
Link URL  : https://www.flipkart.com/furniture/tables/office-study-table/pr?sid=wwe,ki7,l1t&otracker=undefined_footer
Link Text : Red Sofa
Link URL  : https://www.flipkart.com/furniture/sofas/sofa-sets/red~primary-color/pr?sid=wwe,c3z,r0c&otracker=undefined_footer
Link Text : Wakefit Beds
Link URL  : https://www.flipkart.com/furniture/beds/beds/wakefit~brand/pr?sid=wwe,7p7,4yf&otracker=undefined_footer
Link Text : White Sofa
Link URL  : https://www.flipkart.com/furniture/sofas/sofa-sets/white~primary-color/pr?sid=wwe,c3z,r0c&otracker=undefined_footer
Link Text : Wakefit Mattress
Link URL  : https://www.flipkart.com/furniture/mattresses/wakefit~brand/pr?sid=wwe%2Crg9&otracker=undefined_footer
Link Text : Green Sofa
Link URL  : https://www.flipkart.com/furniture/sofas/sofa-sets/green~primary-color/pr?sid=wwe,c3z,r0c&otracker=undefined_footer
Link Text : Black Sofa
Link URL  : https://www.flipkart.com/furniture/sofas/sofa-sets/black~primary-color/pr?sid=wwe,c3z,r0c&otracker=undefined_footer
Link Text : Brown Sofa
Link URL  : https://www.flipkart.com/furniture/sofas/sofa-sets/brown~primary-color/pr?sid=wwe,c3z,r0c&otracker=undefined_footer
Link Text : Whey Protein
Link URL  : https://www.flipkart.com/health-care/health-supplements/protein-supplement/whey-protein~type/pr?sid=hlc%2Cetg%2C1rx&otracker=undefined_footer
Link Text : Homeopathy
Link URL  : https://www.flipkart.com/health-care/home-medicines/general-wellness/homeopathy/pr?sid=hlc%2Cah4%2Ciav%2Craa&otracker=undefined_footer
Link Text : Cricket
Link URL  : https://www.flipkart.com/sports/cricket/pr?sid=abc,5lf&otracker=undefined_footer
Link Text : Cycles
Link URL  : https://www.flipkart.com/sports/cycling/cycles/pr?sid=abc,ulv,ixt&otracker=undefined_footer
Link Text : Footballs
Link URL  : https://www.flipkart.com/sports/football/footballs/pr?sid=abc%2Cgxg%2Ceha&otracker=undefined_footer
Link Text : Treadmills
Link URL  : https://www.flipkart.com/exercise-fitness/fitness-equipment/treadmills/pr?sid=qoc,amf,oyq&otracker=undefined_footer
Link Text : Christmas Gifts
Link URL  : https://www.flipkart.com/q/christmas-gift?otracker=undefined_footer
Link Text : Fitness Accessories
Link URL  : https://www.flipkart.com/exercise-fitness/fitness-accessories/pr?sid=qoc,acb&otracker=undefined_footer
Link Text : Online Guitar
Link URL  : https://www.flipkart.com/q/online-guitar?otracker=undefined_footer
Link Text : Books Store
Link URL  : https://www.flipkart.com/books-store?otracker=undefined_footer
Link Text : Musical Instrument Store
Link URL  : https://www.flipkart.com/musical-instruments-store?otracker=undefined_footer
Link Text : Dabur Chyawanprash
Link URL  : https://www.flipkart.com/q/dabur-chyawanprash?otracker=undefined_footer
Link Text : Baidyanath Chyawanprash
Link URL  : https://www.flipkart.com/q/baidyanath-chyawanprash?otracker=undefined_footer
Link Text : Energy Drinks
Link URL  : https://www.flipkart.com/health-care/health-supplements/energy-drinks/pr?sid=hlc,etg,2yn&otracker=undefined_footer
Link Text : Toys
Link URL  : https://www.flipkart.com/toys-online-store?otracker=undefined_footer
Link Text : Milk Drink Mixes
Link URL  : https://www.flipkart.com/health-care/health-supplements/milk-drink-mixes/pr?sid=hlc,etg,sxm&otracker=undefined_footer
Link Text : Rakhi
Link URL  : https://www.flipkart.com/q/rakhi?otracker=undefined_footer
Link Text : Chyawanprash
Link URL  : https://www.flipkart.com/q/chyawanprash?otracker=undefined_footer
Link Text : Indian Flag
Link URL  : https://www.flipkart.com/home-decor/showpieces-decor-accents/flags/pr?sid=arb%2Cuj2%2Cuvt&otracker=undefined_footer
Link Text : Protein Supplements
Link URL  : https://www.flipkart.com/health-care/health-supplements/protein-supplement/pr?sid=hlc,etg,1rx&otracker=undefined_footer
Link Text : Purchases.oni@flipkart.com
Link URL  : mailto:Purchases.oni@flipkart.com
Link Text : Contact Us
Link URL  : https://www.flipkart.com/helpcentre?otracker=${otracker}_navlinks
Link Text : About Us
Link URL  : https://corporate.flipkart.net/corporate-home
Link Text : Careers
Link URL  : https://www.flipkartcareers.com/?otracker=${otracker}_navlinks
Link Text : Flipkart Stories
Link URL  : https://www.flipkart.com/helpcentre?otracker=${otracker}_navlinks
Link Text : Press
Link URL  : https://www.flipkart.com/helpcentre?otracker=${otracker}_navlinks
Link Text : Flipkart Wholesale
Link URL  : https://www.flipkart.com/helpcentre?otracker=${otracker}_navlinks
Link Text : Corporate Information
Link URL  : https://www.flipkart.com/corporate-information
Link Text : Payments
Link URL  : https://www.flipkart.com/pages/payments
Link Text : Shipping
Link URL  : https://www.flipkart.com/pages/shipping
Link Text : Cancellation & Returns
Link URL  : https://www.flipkart.com/helpcentre?catalog=55c9c6edb000002e002c1701&view=CATALOG
Link Text : FAQ
Link URL  : https://www.flipkart.com/helpcentre?catalog=55c9c8e2b0000023002c1702&view=CATALOG
Link Text : Report Infringement
Link URL  : https://seller.flipkart.com/fiv?otracker=${otracker}_navlinks
Link Text : Cancellation & Returns
Link URL  : https://www.flipkart.com/pages/returnpolicy?otracker=${otracker}_navlinks
Link Text : Terms Of Use
Link URL  : https://www.flipkart.com/pages/terms?otracker=${otracker}_navlinks
Link Text : Security
Link URL  : https://www.flipkart.com/pages/paymentsecurity?otracker=${otracker}_navlinks
Link Text : Privacy
Link URL  : https://www.flipkart.com/pages/privacypolicy?otracker=${otracker}_navlinks
Link Text : Sitemap
Link URL  : https://www.flipkart.com/sitemap?otracker=${otracker}_navlinks
Link Text : Grievance Redressal
Link URL  : https://www.flipkart.com/pages/grievance-redressal-mechanism?otracker=${otracker}_navlinks
Link Text : EPR Compliance
Link URL  : https://www.flipkart.com/pages/ewaste-compliance-tnc?otracker=${otracker}_navlinks
Link Text : Facebook
Link URL  : https://www.facebook.com/flipkart
Link Text : Twitter
Link URL  : https://www.twitter.com/flipkart
Link Text : YouTube
Link URL  : https://www.youtube.com/flipkart
Link Text : 044-45614700
Link URL  : tel:044-45614700
Link Text : Become a Seller
Link URL  : https://seller.flipkart.com/?utm_source=fkwebsite&utm_medium=websitedirect
Link Text : Advertise
Link URL  : https://brands.flipkart.com/
Link Text : Gift Cards
Link URL  : https://www.flipkart.com/the-gift-card-store?otracker=${otracker}_footer_navlinks
Link Text : Help Center
Link URL  : https://www.flipkart.com/helpcentre?otracker=${otracker}_footer_navlinks
]]></system-out>
  </testcase>
</testsuite>