<?xml version="1.0" encoding="UTF-8"?>
<!-- Generated by org.testng.reporters.JUnitReportReporter -->
<testsuite hostname="bcebddbcbfbeaeecbccfaabacdbefbaaebdcffff-0" failures="0" tests="2" name="ai.iamneo.testing.Testing_Selenium_TestNg.AppTest" time="40.612" errors="0" timestamp="2023-08-24T13:37:14 UTC" skipped="0">
  <testcase classname="ai.iamneo.testing.Testing_Selenium_TestNg.AppTest" name="testcase_1" time="7.558"/>
  <system-out/>
  <testcase classname="ai.iamneo.testing.Testing_Selenium_TestNg.AppTest" name="testcase_2" time="33.054"/>
  <system-out/>
</testsuite> <!-- ai.iamneo.testing.Testing_Selenium_TestNg.AppTest -->
